Performing C SOURCE FILE Test CMAKE_HAVE_LIBC_PTHREAD failed with the following output:
Change Dir: /lustre/orion/gen150/world-shared/abby-summer24/gunrock_hip_develop/gunrock-hip-develop/CMakeFiles/CMakeTmp

Run Build Command(s):/usr/bin/gmake -f Makefile cmTC_7db0e/fast && /usr/bin/gmake  -f CMakeFiles/cmTC_7db0e.dir/build.make CMakeFiles/cmTC_7db0e.dir/build
gmake[1]: Entering directory '/lustre/orion/gen150/world-shared/abby-summer24/gunrock_hip_develop/gunrock-hip-develop/CMakeFiles/CMakeTmp'
Building C object CMakeFiles/cmTC_7db0e.dir/src.c.o
/opt/cray/pe/gcc/12.2.0/snos/bin/gcc -DCMAKE_HAVE_LIBC_PTHREAD   -o CMakeFiles/cmTC_7db0e.dir/src.c.o -c /lustre/orion/gen150/world-shared/abby-summer24/gunrock_hip_develop/gunrock-hip-develop/CMakeFiles/CMakeTmp/src.c
Linking C executable cmTC_7db0e
/autofs/nccs-svm1_sw/frontier/spack-envs/base/opt/linux-sles15-x86_64/gcc-7.5.0/cmake-3.23.2-4r4mpiba7cwdw2hlakh5i7tchi64s3qd/bin/cmake -E cmake_link_script CMakeFiles/cmTC_7db0e.dir/link.txt --verbose=1
/opt/cray/pe/gcc/12.2.0/snos/bin/gcc -rdynamic CMakeFiles/cmTC_7db0e.dir/src.c.o -o cmTC_7db0e 
/usr/bin/ld: CMakeFiles/cmTC_7db0e.dir/src.c.o: in function `main':
src.c:(.text+0x2d): undefined reference to `pthread_create'
/usr/bin/ld: src.c:(.text+0x39): undefined reference to `pthread_detach'
/usr/bin/ld: src.c:(.text+0x45): undefined reference to `pthread_cancel'
/usr/bin/ld: src.c:(.text+0x56): undefined reference to `pthread_join'
collect2: error: ld returned 1 exit status
gmake[1]: *** [CMakeFiles/cmTC_7db0e.dir/build.make:99: cmTC_7db0e] Error 1
gmake[1]: Leaving directory '/lustre/orion/gen150/world-shared/abby-summer24/gunrock_hip_develop/gunrock-hip-develop/CMakeFiles/CMakeTmp'
gmake: *** [Makefile:127: cmTC_7db0e/fast] Error 2


Source file was:
#include <pthread.h>

static void* test_func(void* data)
{
  return data;
}

int main(void)
{
  pthread_t thread;
  pthread_create(&thread, NULL, test_func, NULL);
  pthread_detach(thread);
  pthread_cancel(thread);
  pthread_join(thread, NULL);
  pthread_atfork(NULL, NULL, NULL);
  pthread_exit(NULL);

  return 0;
}

Determining if the function pthread_create exists in the pthreads failed with the following output:
Change Dir: /lustre/orion/gen150/world-shared/abby-summer24/gunrock_hip_develop/gunrock-hip-develop/CMakeFiles/CMakeTmp

Run Build Command(s):/usr/bin/gmake -f Makefile cmTC_144ac/fast && /usr/bin/gmake  -f CMakeFiles/cmTC_144ac.dir/build.make CMakeFiles/cmTC_144ac.dir/build
gmake[1]: Entering directory '/lustre/orion/gen150/world-shared/abby-summer24/gunrock_hip_develop/gunrock-hip-develop/CMakeFiles/CMakeTmp'
Building C object CMakeFiles/cmTC_144ac.dir/CheckFunctionExists.c.o
/opt/cray/pe/gcc/12.2.0/snos/bin/gcc   -DCHECK_FUNCTION_EXISTS=pthread_create -o CMakeFiles/cmTC_144ac.dir/CheckFunctionExists.c.o -c /autofs/nccs-svm1_sw/frontier/spack-envs/base/opt/linux-sles15-x86_64/gcc-7.5.0/cmake-3.23.2-4r4mpiba7cwdw2hlakh5i7tchi64s3qd/share/cmake-3.23/Modules/CheckFunctionExists.c
Linking C executable cmTC_144ac
/autofs/nccs-svm1_sw/frontier/spack-envs/base/opt/linux-sles15-x86_64/gcc-7.5.0/cmake-3.23.2-4r4mpiba7cwdw2hlakh5i7tchi64s3qd/bin/cmake -E cmake_link_script CMakeFiles/cmTC_144ac.dir/link.txt --verbose=1
/opt/cray/pe/gcc/12.2.0/snos/bin/gcc  -DCHECK_FUNCTION_EXISTS=pthread_create -rdynamic CMakeFiles/cmTC_144ac.dir/CheckFunctionExists.c.o -o cmTC_144ac  -lpthreads 
/usr/bin/ld: cannot find -lpthreads: No such file or directory
collect2: error: ld returned 1 exit status
gmake[1]: *** [CMakeFiles/cmTC_144ac.dir/build.make:99: cmTC_144ac] Error 1
gmake[1]: Leaving directory '/lustre/orion/gen150/world-shared/abby-summer24/gunrock_hip_develop/gunrock-hip-develop/CMakeFiles/CMakeTmp'
gmake: *** [Makefile:127: cmTC_144ac/fast] Error 2



