The system is: Linux - 5.14.21-150400.24.111_12.0.90-cray_shasta_c - x86_64
Compiling the CXX compiler identification source file "CMakeCXXCompilerId.cpp" succeeded.
Compiler: /opt/cray/pe/gcc/12.2.0/snos/bin/g++ 
Build flags: 
Id flags:  

The output was:
0


Compilation of the CXX compiler identification source "CMakeCXXCompilerId.cpp" produced "a.out"

The CXX compiler identification is GNU, found in "/lustre/orion/gen150/world-shared/abby-summer24/gunrock_hip_develop/gunrock-hip-develop/CMakeFiles/3.23.2/CompilerIdCXX/a.out"

Compiling the C compiler identification source file "CMakeCCompilerId.c" succeeded.
Compiler: /opt/cray/pe/gcc/12.2.0/snos/bin/gcc 
Build flags: 
Id flags:  

The output was:
0


Compilation of the C compiler identification source "CMakeCCompilerId.c" produced "a.out"

The C compiler identification is GNU, found in "/lustre/orion/gen150/world-shared/abby-summer24/gunrock_hip_develop/gunrock-hip-develop/CMakeFiles/3.23.2/CompilerIdC/a.out"

Compiling the HIP compiler identification source file "CMakeHIPCompilerId.hip" succeeded.
Compiler: /opt/rocm-5.5.1/llvm/bin/clang++ 
Build flags: 
Id flags: -v 

The output was:
0
AMD clang version 16.0.0 (https://github.com/RadeonOpenCompute/llvm-project roc-5.5.1 23194 69ef12a7c3cc5b0ccf820bc007bd87e8b3ac3037)
Target: x86_64-unknown-linux-gnu
Thread model: posix
InstalledDir: /opt/rocm-5.5.1/llvm/bin
Configuration file: /opt/rocm-5.5.1/llvm/bin/clang++.cfg
Found candidate GCC installation: /opt/cray/pe/gcc/10.3.0/snos/lib/gcc/x86_64-suse-linux/10.3.0
Selected GCC installation: /opt/cray/pe/gcc/10.3.0/snos/lib/gcc/x86_64-suse-linux/10.3.0
Candidate multilib: .;@m64
Selected multilib: .;@m64
Found HIP installation: /opt/rocm-5.5.1/llvm/bin/../.., version 5.5.30202
 "/opt/rocm-5.5.1/llvm/bin/clang-16" -cc1 -triple amdgcn-amd-amdhsa -aux-triple x86_64-unknown-linux-gnu -emit-obj -mrelax-all --mrelax-relocations -disable-free -clear-ast-before-backend -disable-llvm-verifier -discard-value-names -main-file-name CMakeHIPCompilerId.hip -mrelocation-model pic -pic-level 1 -fhalf-no-semantic-interposition -mframe-pointer=all -fdenormal-fp-math-f32=preserve-sign,preserve-sign -fno-rounding-math -mconstructor-aliases -aux-target-cpu x86-64 -fcuda-is-device -mllvm -amdgpu-internalize-symbols -fcuda-allow-variadic-functions -fvisibility=hidden -fapply-global-visibility-to-externs -mlink-builtin-bitcode /opt/rocm-5.5.1/llvm/bin/../../amdgcn/bitcode/hip.bc -mlink-builtin-bitcode /opt/rocm-5.5.1/llvm/bin/../../amdgcn/bitcode/ocml.bc -mlink-builtin-bitcode /opt/rocm-5.5.1/llvm/bin/../../amdgcn/bitcode/ockl.bc -mlink-builtin-bitcode /opt/rocm-5.5.1/llvm/bin/../../amdgcn/bitcode/oclc_daz_opt_on.bc -mlink-builtin-bitcode /opt/rocm-5.5.1/llvm/bin/../../amdgcn/bitcode/oclc_unsafe_math_off.bc -mlink-builtin-bitcode /opt/rocm-5.5.1/llvm/bin/../../amdgcn/bitcode/oclc_finite_only_off.bc -mlink-builtin-bitcode /opt/rocm-5.5.1/llvm/bin/../../amdgcn/bitcode/oclc_correctly_rounded_sqrt_on.bc -mlink-builtin-bitcode /opt/rocm-5.5.1/llvm/bin/../../amdgcn/bitcode/oclc_wavefrontsize64_on.bc -mlink-builtin-bitcode /opt/rocm-5.5.1/llvm/bin/../../amdgcn/bitcode/oclc_isa_version_803.bc -mlink-builtin-bitcode /opt/rocm-5.5.1/llvm/bin/../../amdgcn/bitcode/oclc_abi_version_500.bc -target-cpu gfx803 -mllvm -treat-scalable-fixed-error-as-warning -debugger-tuning=gdb -v -resource-dir /opt/rocm-5.5.1/llvm/lib/clang/16.0.0 -internal-isystem /opt/rocm-5.5.1/llvm/lib/clang/16.0.0/include/cuda_wrappers -idirafter /opt/rocm-5.5.1/llvm/bin/../../include -include __clang_hip_runtime_wrapper.h -internal-isystem /opt/cray/pe/gcc/10.3.0/snos/lib/gcc/x86_64-suse-linux/10.3.0/../../../../include/g++ -internal-isystem /opt/cray/pe/gcc/10.3.0/snos/lib/gcc/x86_64-suse-linux/10.3.0/../../../../include/g++/x86_64-suse-linux -internal-isystem /opt/cray/pe/gcc/10.3.0/snos/lib/gcc/x86_64-suse-linux/10.3.0/../../../../include/g++/backward -internal-isystem /opt/cray/pe/gcc/10.3.0/snos/lib/gcc/x86_64-suse-linux/10.3.0/../../../../include/g++ -internal-isystem /opt/cray/pe/gcc/10.3.0/snos/lib/gcc/x86_64-suse-linux/10.3.0/../../../../include/g++/x86_64-suse-linux -internal-isystem /opt/cray/pe/gcc/10.3.0/snos/lib/gcc/x86_64-suse-linux/10.3.0/../../../../include/g++/backward -internal-isystem /opt/rocm-5.5.1/llvm/lib/clang/16.0.0/include -internal-isystem /usr/local/include -internal-isystem /opt/cray/pe/gcc/10.3.0/snos/lib/gcc/x86_64-suse-linux/10.3.0/../../../../x86_64-suse-linux/include -internal-externc-isystem /include -internal-externc-isystem /usr/include -internal-isystem /opt/rocm-5.5.1/llvm/lib/clang/16.0.0/include -internal-isystem /usr/local/include -internal-isystem /opt/cray/pe/gcc/10.3.0/snos/lib/gcc/x86_64-suse-linux/10.3.0/../../../../x86_64-suse-linux/include -internal-externc-isystem /include -internal-externc-isystem /usr/include -fdeprecated-macro -fno-autolink -fdebug-compilation-dir=/lustre/orion/gen150/world-shared/abby-summer24/gunrock_hip_develop/gunrock-hip-develop/CMakeFiles/3.23.2/CompilerIdHIP -ferror-limit 19 -fhip-new-launch-api -fgnuc-version=4.2.1 -fcxx-exceptions -fexceptions -cuid=ab9c2eb1ddada49 -fcuda-allow-variadic-functions -faddrsig -D__GCC_HAVE_DWARF2_CFI_ASM=1 -o /tmp/CMakeHIPCompilerId-6a4525/CMakeHIPCompilerId-gfx803.o -x hip CMakeHIPCompilerId.hip
clang -cc1 version 16.0.0 based upon LLVM 16.0.0git default target x86_64-unknown-linux-gnu
ignoring nonexistent directory "/opt/cray/pe/gcc/10.3.0/snos/lib/gcc/x86_64-suse-linux/10.3.0/../../../../x86_64-suse-linux/include"
ignoring nonexistent directory "/include"
ignoring nonexistent directory "/opt/cray/pe/gcc/10.3.0/snos/lib/gcc/x86_64-suse-linux/10.3.0/../../../../x86_64-suse-linux/include"
ignoring nonexistent directory "/include"
ignoring duplicate directory "/opt/cray/pe/gcc/10.3.0/snos/lib/gcc/x86_64-suse-linux/10.3.0/../../../../include/g++"
ignoring duplicate directory "/opt/cray/pe/gcc/10.3.0/snos/lib/gcc/x86_64-suse-linux/10.3.0/../../../../include/g++/x86_64-suse-linux"
ignoring duplicate directory "/opt/cray/pe/gcc/10.3.0/snos/lib/gcc/x86_64-suse-linux/10.3.0/../../../../include/g++/backward"
ignoring duplicate directory "/opt/rocm-5.5.1/llvm/lib/clang/16.0.0/include"
ignoring duplicate directory "/usr/local/include"
ignoring duplicate directory "/usr/include"
ignoring duplicate directory "/usr/local/include"
ignoring duplicate directory "/opt/rocm-5.5.1/llvm/lib/clang/16.0.0/include"
ignoring duplicate directory "/usr/include"
#include "..." search starts here:
#include <...> search starts here:
 /opt/rocm-5.5.1/llvm/lib/clang/16.0.0/include/cuda_wrappers
 /opt/cray/pe/gcc/10.3.0/snos/lib/gcc/x86_64-suse-linux/10.3.0/../../../../include/g++
 /opt/cray/pe/gcc/10.3.0/snos/lib/gcc/x86_64-suse-linux/10.3.0/../../../../include/g++/x86_64-suse-linux
 /opt/cray/pe/gcc/10.3.0/snos/lib/gcc/x86_64-suse-linux/10.3.0/../../../../include/g++/backward
 /opt/rocm-5.5.1/llvm/lib/clang/16.0.0/include
 /usr/local/include
 /usr/include
 /opt/rocm-5.5.1/llvm/bin/../../include
End of search list.
 "/opt/rocm-5.5.1/llvm/bin/lld" -flavor gnu -m elf64_amdgpu --no-undefined -shared -plugin-opt=-amdgpu-internalize-symbols -plugin-opt=mcpu=gfx803 -o /tmp/CMakeHIPCompilerId-f5bdde/CMakeHIPCompilerId-gfx803.out /tmp/CMakeHIPCompilerId-6a4525/CMakeHIPCompilerId-gfx803.o
 "/opt/rocm-5.5.1/llvm/bin/clang-offload-bundler" -type=o -bundle-align=4096 -targets=host-x86_64-unknown-linux,hipv4-amdgcn-amd-amdhsa--gfx803 -input=/dev/null -input=/tmp/CMakeHIPCompilerId-f5bdde/CMakeHIPCompilerId-gfx803.out -output=/tmp/CMakeHIPCompilerId-d37755.hipfb
 "/opt/rocm-5.5.1/llvm/bin/clang-16" -cc1 -triple x86_64-unknown-linux-gnu -aux-triple amdgcn-amd-amdhsa -emit-obj -mrelax-all --mrelax-relocations -disable-free -clear-ast-before-backend -disable-llvm-verifier -discard-value-names -main-file-name CMakeHIPCompilerId.hip -mrelocation-model static -mframe-pointer=all -fmath-errno -fno-rounding-math -mconstructor-aliases -funwind-tables=2 -target-cpu x86-64 -tune-cpu generic -mllvm -treat-scalable-fixed-error-as-warning -debugger-tuning=gdb -v -fcoverage-compilation-dir=/lustre/orion/gen150/world-shared/abby-summer24/gunrock_hip_develop/gunrock-hip-develop/CMakeFiles/3.23.2/CompilerIdHIP -resource-dir /opt/rocm-5.5.1/llvm/lib/clang/16.0.0 -internal-isystem /opt/rocm-5.5.1/llvm/lib/clang/16.0.0/include/cuda_wrappers -idirafter /opt/rocm-5.5.1/llvm/bin/../../include -include __clang_hip_runtime_wrapper.h -internal-isystem /opt/cray/pe/gcc/10.3.0/snos/lib/gcc/x86_64-suse-linux/10.3.0/../../../../include/g++ -internal-isystem /opt/cray/pe/gcc/10.3.0/snos/lib/gcc/x86_64-suse-linux/10.3.0/../../../../include/g++/x86_64-suse-linux -internal-isystem /opt/cray/pe/gcc/10.3.0/snos/lib/gcc/x86_64-suse-linux/10.3.0/../../../../include/g++/backward -internal-isystem /opt/cray/pe/gcc/10.3.0/snos/lib/gcc/x86_64-suse-linux/10.3.0/../../../../include/g++ -internal-isystem /opt/cray/pe/gcc/10.3.0/snos/lib/gcc/x86_64-suse-linux/10.3.0/../../../../include/g++/x86_64-suse-linux -internal-isystem /opt/cray/pe/gcc/10.3.0/snos/lib/gcc/x86_64-suse-linux/10.3.0/../../../../include/g++/backward -internal-isystem /opt/rocm-5.5.1/llvm/lib/clang/16.0.0/include -internal-isystem /usr/local/include -internal-isystem /opt/cray/pe/gcc/10.3.0/snos/lib/gcc/x86_64-suse-linux/10.3.0/../../../../x86_64-suse-linux/include -internal-externc-isystem /include -internal-externc-isystem /usr/include -internal-isystem /opt/rocm-5.5.1/llvm/lib/clang/16.0.0/include -internal-isystem /usr/local/include -internal-isystem /opt/cray/pe/gcc/10.3.0/snos/lib/gcc/x86_64-suse-linux/10.3.0/../../../../x86_64-suse-linux/include -internal-externc-isystem /include -internal-externc-isystem /usr/include -fdeprecated-macro -fdebug-compilation-dir=/lustre/orion/gen150/world-shared/abby-summer24/gunrock_hip_develop/gunrock-hip-develop/CMakeFiles/3.23.2/CompilerIdHIP -ferror-limit 19 -fhip-new-launch-api -fgnuc-version=4.2.1 -fcxx-exceptions -fexceptions -fcuda-include-gpubinary /tmp/CMakeHIPCompilerId-d37755.hipfb -cuid=ab9c2eb1ddada49 -fcuda-allow-variadic-functions -faddrsig -D__GCC_HAVE_DWARF2_CFI_ASM=1 -o /tmp/CMakeHIPCompilerId-e41e01.o -x hip CMakeHIPCompilerId.hip
clang -cc1 version 16.0.0 based upon LLVM 16.0.0git default target x86_64-unknown-linux-gnu
ignoring nonexistent directory "/opt/cray/pe/gcc/10.3.0/snos/lib/gcc/x86_64-suse-linux/10.3.0/../../../../x86_64-suse-linux/include"
ignoring nonexistent directory "/include"
ignoring nonexistent directory "/opt/cray/pe/gcc/10.3.0/snos/lib/gcc/x86_64-suse-linux/10.3.0/../../../../x86_64-suse-linux/include"
ignoring nonexistent directory "/include"
ignoring duplicate directory "/opt/cray/pe/gcc/10.3.0/snos/lib/gcc/x86_64-suse-linux/10.3.0/../../../../include/g++"
ignoring duplicate directory "/opt/cray/pe/gcc/10.3.0/snos/lib/gcc/x86_64-suse-linux/10.3.0/../../../../include/g++/x86_64-suse-linux"
ignoring duplicate directory "/opt/cray/pe/gcc/10.3.0/snos/lib/gcc/x86_64-suse-linux/10.3.0/../../../../include/g++/backward"
ignoring duplicate directory "/opt/rocm-5.5.1/llvm/lib/clang/16.0.0/include"
ignoring duplicate directory "/usr/local/include"
ignoring duplicate directory "/usr/include"
#include "..." search starts here:
#include <...> search starts here:
 /opt/rocm-5.5.1/llvm/lib/clang/16.0.0/include/cuda_wrappers
 /opt/cray/pe/gcc/10.3.0/snos/lib/gcc/x86_64-suse-linux/10.3.0/../../../../include/g++
 /opt/cray/pe/gcc/10.3.0/snos/lib/gcc/x86_64-suse-linux/10.3.0/../../../../include/g++/x86_64-suse-linux
 /opt/cray/pe/gcc/10.3.0/snos/lib/gcc/x86_64-suse-linux/10.3.0/../../../../include/g++/backward
 /opt/rocm-5.5.1/llvm/lib/clang/16.0.0/include
 /usr/local/include
 /usr/include
 /opt/rocm-5.5.1/llvm/bin/../../include
End of search list.
 "/opt/rocm-5.5.1/llvm/bin/ld.lld" --hash-style=gnu --eh-frame-hdr -m elf_x86_64 -dynamic-linker /lib64/ld-linux-x86-64.so.2 -o a.out /usr/lib/../lib64/crt1.o /usr/lib/../lib64/crti.o /opt/rocm-5.5.1/llvm/lib/clang/16.0.0/lib/linux/clang_rt.crtbegin-x86_64.o -L/opt/cray/pe/gcc/10.3.0/snos/lib/gcc/x86_64-suse-linux/10.3.0 -L/opt/cray/pe/gcc/10.3.0/snos/lib/gcc/x86_64-suse-linux/10.3.0/../../../../lib64 -L/lib/../lib64 -L/usr/lib/../lib64 -L/lib -L/usr/lib /tmp/CMakeHIPCompilerId-e41e01.o -lstdc++ -lm /opt/rocm-5.5.1/llvm/lib/clang/16.0.0/lib/linux/libclang_rt.builtins-x86_64.a -lgcc_s -lc /opt/rocm-5.5.1/llvm/lib/clang/16.0.0/lib/linux/libclang_rt.builtins-x86_64.a -lgcc_s /opt/rocm-5.5.1/llvm/lib/clang/16.0.0/lib/linux/clang_rt.crtend-x86_64.o /usr/lib/../lib64/crtn.o


Compilation of the HIP compiler identification source "CMakeHIPCompilerId.hip" produced "a.out"

The HIP compiler identification is Clang, found in "/lustre/orion/gen150/world-shared/abby-summer24/gunrock_hip_develop/gunrock-hip-develop/CMakeFiles/3.23.2/CompilerIdHIP/a.out"

Detecting CXX compiler ABI info compiled with the following output:
Change Dir: /lustre/orion/gen150/world-shared/abby-summer24/gunrock_hip_develop/gunrock-hip-develop/CMakeFiles/CMakeTmp

Run Build Command(s):/usr/bin/gmake -f Makefile cmTC_ba690/fast && /usr/bin/gmake  -f CMakeFiles/cmTC_ba690.dir/build.make CMakeFiles/cmTC_ba690.dir/build
gmake[1]: Entering directory '/lustre/orion/gen150/world-shared/abby-summer24/gunrock_hip_develop/gunrock-hip-develop/CMakeFiles/CMakeTmp'
Building CXX object CMakeFiles/cmTC_ba690.dir/CMakeCXXCompilerABI.cpp.o
/opt/cray/pe/gcc/12.2.0/snos/bin/g++   -v -o CMakeFiles/cmTC_ba690.dir/CMakeCXXCompilerABI.cpp.o -c /autofs/nccs-svm1_sw/frontier/spack-envs/base/opt/linux-sles15-x86_64/gcc-7.5.0/cmake-3.23.2-4r4mpiba7cwdw2hlakh5i7tchi64s3qd/share/cmake-3.23/Modules/CMakeCXXCompilerABI.cpp
Using built-in specs.
COLLECT_GCC=/opt/cray/pe/gcc/12.2.0/snos/bin/g++
Target: x86_64-suse-linux
Configured with: ../cpe-gcc-12.2.0-202304182231.7dfee50f41751/configure --prefix=/opt/cray/pe/gcc/12.2.0/snos --disable-nls --libdir=/opt/cray/pe/gcc/12.2.0/snos/lib --enable-languages=c,c++,fortran --with-gxx-include-dir=/opt/cray/pe/gcc/12.2.0/snos/include/g++ --with-slibdir=/opt/cray/pe/gcc/12.2.0/snos/lib --with-system-zlib --enable-shared --enable-__cxa_atexit --build=x86_64-suse-linux --with-ppl --with-cloog --disable-multilib
Thread model: posix
Supported LTO compression algorithms: zlib
gcc version 12.2.0 20220819 (HPE) (GCC) 
COLLECT_GCC_OPTIONS='-v' '-o' 'CMakeFiles/cmTC_ba690.dir/CMakeCXXCompilerABI.cpp.o' '-c' '-shared-libgcc' '-mtune=generic' '-march=x86-64' '-dumpdir' 'CMakeFiles/cmTC_ba690.dir/'
 /opt/cray/pe/gcc/12.2.0/snos/libexec/gcc/x86_64-suse-linux/12.2.0/cc1plus -quiet -v -D_GNU_SOURCE /autofs/nccs-svm1_sw/frontier/spack-envs/base/opt/linux-sles15-x86_64/gcc-7.5.0/cmake-3.23.2-4r4mpiba7cwdw2hlakh5i7tchi64s3qd/share/cmake-3.23/Modules/CMakeCXXCompilerABI.cpp -quiet -dumpdir CMakeFiles/cmTC_ba690.dir/ -dumpbase CMakeCXXCompilerABI.cpp.cpp -dumpbase-ext .cpp -mtune=generic -march=x86-64 -version -o /tmp/ccwd0Ejr.s
GNU C++17 (GCC) version 12.2.0 20220819 (HPE) (x86_64-suse-linux)
	compiled by GNU C version 12.2.0 20220819 (HPE), GMP version 6.0.0, MPFR version 3.1.3, MPC version 1.0.3, isl version isl-0.15-GMP

GGC heuristics: --param ggc-min-expand=100 --param ggc-min-heapsize=131072
ignoring nonexistent directory "/opt/cray/pe/gcc/12.2.0/snos/lib/gcc/x86_64-suse-linux/12.2.0/../../../../x86_64-suse-linux/include"
#include "..." search starts here:
#include <...> search starts here:
 /opt/cray/pe/gcc/12.2.0/snos/include/g++
 /opt/cray/pe/gcc/12.2.0/snos/include/g++/x86_64-suse-linux
 /opt/cray/pe/gcc/12.2.0/snos/include/g++/backward
 /opt/cray/pe/gcc/12.2.0/snos/lib/gcc/x86_64-suse-linux/12.2.0/include
 /usr/local/include
 /opt/cray/pe/gcc/12.2.0/snos/include
 /opt/cray/pe/gcc/12.2.0/snos/lib/gcc/x86_64-suse-linux/12.2.0/include-fixed
 /usr/include
End of search list.
GNU C++17 (GCC) version 12.2.0 20220819 (HPE) (x86_64-suse-linux)
	compiled by GNU C version 12.2.0 20220819 (HPE), GMP version 6.0.0, MPFR version 3.1.3, MPC version 1.0.3, isl version isl-0.15-GMP

GGC heuristics: --param ggc-min-expand=100 --param ggc-min-heapsize=131072
Compiler executable checksum: 8ab7458f0c71d9bb97051ab15796c1ac
COLLECT_GCC_OPTIONS='-v' '-o' 'CMakeFiles/cmTC_ba690.dir/CMakeCXXCompilerABI.cpp.o' '-c' '-shared-libgcc' '-mtune=generic' '-march=x86-64' '-dumpdir' 'CMakeFiles/cmTC_ba690.dir/'
 as -v --64 -o CMakeFiles/cmTC_ba690.dir/CMakeCXXCompilerABI.cpp.o /tmp/ccwd0Ejr.s
GNU assembler version 2.41.0 (x86_64-suse-linux) using BFD version (GNU Binutils; SUSE Linux Enterprise 15) 2.41.0.20230908-150100.7.46
COMPILER_PATH=/opt/cray/pe/gcc/12.2.0/snos/libexec/gcc/x86_64-suse-linux/12.2.0/:/opt/cray/pe/gcc/12.2.0/snos/libexec/gcc/x86_64-suse-linux/12.2.0/:/opt/cray/pe/gcc/12.2.0/snos/libexec/gcc/x86_64-suse-linux/:/opt/cray/pe/gcc/12.2.0/snos/lib/gcc/x86_64-suse-linux/12.2.0/:/opt/cray/pe/gcc/12.2.0/snos/lib/gcc/x86_64-suse-linux/
LIBRARY_PATH=/opt/cray/pe/gcc/12.2.0/snos/lib/gcc/x86_64-suse-linux/12.2.0/:/opt/cray/pe/gcc/12.2.0/snos/lib/gcc/x86_64-suse-linux/12.2.0/../../../../lib64/:/lib/../lib64/:/usr/lib/../lib64/:/opt/cray/pe/gcc/12.2.0/snos/lib/gcc/x86_64-suse-linux/12.2.0/../../../:/lib/:/usr/lib/
COLLECT_GCC_OPTIONS='-v' '-o' 'CMakeFiles/cmTC_ba690.dir/CMakeCXXCompilerABI.cpp.o' '-c' '-shared-libgcc' '-mtune=generic' '-march=x86-64' '-dumpdir' 'CMakeFiles/cmTC_ba690.dir/CMakeCXXCompilerABI.cpp.'
Linking CXX executable cmTC_ba690
/autofs/nccs-svm1_sw/frontier/spack-envs/base/opt/linux-sles15-x86_64/gcc-7.5.0/cmake-3.23.2-4r4mpiba7cwdw2hlakh5i7tchi64s3qd/bin/cmake -E cmake_link_script CMakeFiles/cmTC_ba690.dir/link.txt --verbose=1
/opt/cray/pe/gcc/12.2.0/snos/bin/g++  -v CMakeFiles/cmTC_ba690.dir/CMakeCXXCompilerABI.cpp.o -o cmTC_ba690 
Using built-in specs.
COLLECT_GCC=/opt/cray/pe/gcc/12.2.0/snos/bin/g++
COLLECT_LTO_WRAPPER=/opt/cray/pe/gcc/12.2.0/snos/libexec/gcc/x86_64-suse-linux/12.2.0/lto-wrapper
Target: x86_64-suse-linux
Configured with: ../cpe-gcc-12.2.0-202304182231.7dfee50f41751/configure --prefix=/opt/cray/pe/gcc/12.2.0/snos --disable-nls --libdir=/opt/cray/pe/gcc/12.2.0/snos/lib --enable-languages=c,c++,fortran --with-gxx-include-dir=/opt/cray/pe/gcc/12.2.0/snos/include/g++ --with-slibdir=/opt/cray/pe/gcc/12.2.0/snos/lib --with-system-zlib --enable-shared --enable-__cxa_atexit --build=x86_64-suse-linux --with-ppl --with-cloog --disable-multilib
Thread model: posix
Supported LTO compression algorithms: zlib
gcc version 12.2.0 20220819 (HPE) (GCC) 
COMPILER_PATH=/opt/cray/pe/gcc/12.2.0/snos/libexec/gcc/x86_64-suse-linux/12.2.0/:/opt/cray/pe/gcc/12.2.0/snos/libexec/gcc/x86_64-suse-linux/12.2.0/:/opt/cray/pe/gcc/12.2.0/snos/libexec/gcc/x86_64-suse-linux/:/opt/cray/pe/gcc/12.2.0/snos/lib/gcc/x86_64-suse-linux/12.2.0/:/opt/cray/pe/gcc/12.2.0/snos/lib/gcc/x86_64-suse-linux/
LIBRARY_PATH=/opt/cray/pe/gcc/12.2.0/snos/lib/gcc/x86_64-suse-linux/12.2.0/:/opt/cray/pe/gcc/12.2.0/snos/lib/gcc/x86_64-suse-linux/12.2.0/../../../../lib64/:/lib/../lib64/:/usr/lib/../lib64/:/opt/cray/pe/gcc/12.2.0/snos/lib/gcc/x86_64-suse-linux/12.2.0/../../../:/lib/:/usr/lib/
COLLECT_GCC_OPTIONS='-v' '-o' 'cmTC_ba690' '-shared-libgcc' '-mtune=generic' '-march=x86-64' '-dumpdir' 'cmTC_ba690.'
 /opt/cray/pe/gcc/12.2.0/snos/libexec/gcc/x86_64-suse-linux/12.2.0/collect2 -plugin /opt/cray/pe/gcc/12.2.0/snos/libexec/gcc/x86_64-suse-linux/12.2.0/liblto_plugin.so -plugin-opt=/opt/cray/pe/gcc/12.2.0/snos/libexec/gcc/x86_64-suse-linux/12.2.0/lto-wrapper -plugin-opt=-fresolution=/tmp/ccAjWwnO.res -plugin-opt=-pass-through=-lgcc_s -plugin-opt=-pass-through=-lgcc -plugin-opt=-pass-through=-lc -plugin-opt=-pass-through=-lgcc_s -plugin-opt=-pass-through=-lgcc --eh-frame-hdr -m elf_x86_64 -dynamic-linker /lib64/ld-linux-x86-64.so.2 -o cmTC_ba690 /usr/lib/../lib64/crt1.o /usr/lib/../lib64/crti.o /opt/cray/pe/gcc/12.2.0/snos/lib/gcc/x86_64-suse-linux/12.2.0/crtbegin.o -L/opt/cray/pe/gcc/12.2.0/snos/lib/gcc/x86_64-suse-linux/12.2.0 -L/opt/cray/pe/gcc/12.2.0/snos/lib/gcc/x86_64-suse-linux/12.2.0/../../../../lib64 -L/lib/../lib64 -L/usr/lib/../lib64 -L/opt/cray/pe/gcc/12.2.0/snos/lib/gcc/x86_64-suse-linux/12.2.0/../../.. CMakeFiles/cmTC_ba690.dir/CMakeCXXCompilerABI.cpp.o -lstdc++ -lm -lgcc_s -lgcc -lc -lgcc_s -lgcc /opt/cray/pe/gcc/12.2.0/snos/lib/gcc/x86_64-suse-linux/12.2.0/crtend.o /usr/lib/../lib64/crtn.o
COLLECT_GCC_OPTIONS='-v' '-o' 'cmTC_ba690' '-shared-libgcc' '-mtune=generic' '-march=x86-64' '-dumpdir' 'cmTC_ba690.'
gmake[1]: Leaving directory '/lustre/orion/gen150/world-shared/abby-summer24/gunrock_hip_develop/gunrock-hip-develop/CMakeFiles/CMakeTmp'



Parsed CXX implicit include dir info from above output: rv=done
  found start of include info
  found start of implicit include info
    add: [/opt/cray/pe/gcc/12.2.0/snos/include/g++]
    add: [/opt/cray/pe/gcc/12.2.0/snos/include/g++/x86_64-suse-linux]
    add: [/opt/cray/pe/gcc/12.2.0/snos/include/g++/backward]
    add: [/opt/cray/pe/gcc/12.2.0/snos/lib/gcc/x86_64-suse-linux/12.2.0/include]
    add: [/usr/local/include]
    add: [/opt/cray/pe/gcc/12.2.0/snos/include]
    add: [/opt/cray/pe/gcc/12.2.0/snos/lib/gcc/x86_64-suse-linux/12.2.0/include-fixed]
    add: [/usr/include]
  end of search list found
  collapse include dir [/opt/cray/pe/gcc/12.2.0/snos/include/g++] ==> [/opt/cray/pe/gcc/12.2.0/snos/include/g++]
  collapse include dir [/opt/cray/pe/gcc/12.2.0/snos/include/g++/x86_64-suse-linux] ==> [/opt/cray/pe/gcc/12.2.0/snos/include/g++/x86_64-suse-linux]
  collapse include dir [/opt/cray/pe/gcc/12.2.0/snos/include/g++/backward] ==> [/opt/cray/pe/gcc/12.2.0/snos/include/g++/backward]
  collapse include dir [/opt/cray/pe/gcc/12.2.0/snos/lib/gcc/x86_64-suse-linux/12.2.0/include] ==> [/opt/cray/pe/gcc/12.2.0/snos/lib/gcc/x86_64-suse-linux/12.2.0/include]
  collapse include dir [/usr/local/include] ==> [/usr/local/include]
  collapse include dir [/opt/cray/pe/gcc/12.2.0/snos/include] ==> [/opt/cray/pe/gcc/12.2.0/snos/include]
  collapse include dir [/opt/cray/pe/gcc/12.2.0/snos/lib/gcc/x86_64-suse-linux/12.2.0/include-fixed] ==> [/opt/cray/pe/gcc/12.2.0/snos/lib/gcc/x86_64-suse-linux/12.2.0/include-fixed]
  collapse include dir [/usr/include] ==> [/usr/include]
  implicit include dirs: [/opt/cray/pe/gcc/12.2.0/snos/include/g++;/opt/cray/pe/gcc/12.2.0/snos/include/g++/x86_64-suse-linux;/opt/cray/pe/gcc/12.2.0/snos/include/g++/backward;/opt/cray/pe/gcc/12.2.0/snos/lib/gcc/x86_64-suse-linux/12.2.0/include;/usr/local/include;/opt/cray/pe/gcc/12.2.0/snos/include;/opt/cray/pe/gcc/12.2.0/snos/lib/gcc/x86_64-suse-linux/12.2.0/include-fixed;/usr/include]


Parsed CXX implicit link information from above output:
  link line regex: [^( *|.*[/\])(ld|CMAKE_LINK_STARTFILE-NOTFOUND|([^/\]+-)?ld|collect2)[^/\]*( |$)]
  ignore line: [Change Dir: /lustre/orion/gen150/world-shared/abby-summer24/gunrock_hip_develop/gunrock-hip-develop/CMakeFiles/CMakeTmp]
  ignore line: []
  ignore line: [Run Build Command(s):/usr/bin/gmake -f Makefile cmTC_ba690/fast && /usr/bin/gmake  -f CMakeFiles/cmTC_ba690.dir/build.make CMakeFiles/cmTC_ba690.dir/build]
  ignore line: [gmake[1]: Entering directory '/lustre/orion/gen150/world-shared/abby-summer24/gunrock_hip_develop/gunrock-hip-develop/CMakeFiles/CMakeTmp']
  ignore line: [Building CXX object CMakeFiles/cmTC_ba690.dir/CMakeCXXCompilerABI.cpp.o]
  ignore line: [/opt/cray/pe/gcc/12.2.0/snos/bin/g++   -v -o CMakeFiles/cmTC_ba690.dir/CMakeCXXCompilerABI.cpp.o -c /autofs/nccs-svm1_sw/frontier/spack-envs/base/opt/linux-sles15-x86_64/gcc-7.5.0/cmake-3.23.2-4r4mpiba7cwdw2hlakh5i7tchi64s3qd/share/cmake-3.23/Modules/CMakeCXXCompilerABI.cpp]
  ignore line: [Using built-in specs.]
  ignore line: [COLLECT_GCC=/opt/cray/pe/gcc/12.2.0/snos/bin/g++]
  ignore line: [Target: x86_64-suse-linux]
  ignore line: [Configured with: ../cpe-gcc-12.2.0-202304182231.7dfee50f41751/configure --prefix=/opt/cray/pe/gcc/12.2.0/snos --disable-nls --libdir=/opt/cray/pe/gcc/12.2.0/snos/lib --enable-languages=c c++ fortran --with-gxx-include-dir=/opt/cray/pe/gcc/12.2.0/snos/include/g++ --with-slibdir=/opt/cray/pe/gcc/12.2.0/snos/lib --with-system-zlib --enable-shared --enable-__cxa_atexit --build=x86_64-suse-linux --with-ppl --with-cloog --disable-multilib]
  ignore line: [Thread model: posix]
  ignore line: [Supported LTO compression algorithms: zlib]
  ignore line: [gcc version 12.2.0 20220819 (HPE) (GCC) ]
  ignore line: [COLLECT_GCC_OPTIONS='-v' '-o' 'CMakeFiles/cmTC_ba690.dir/CMakeCXXCompilerABI.cpp.o' '-c' '-shared-libgcc' '-mtune=generic' '-march=x86-64' '-dumpdir' 'CMakeFiles/cmTC_ba690.dir/']
  ignore line: [ /opt/cray/pe/gcc/12.2.0/snos/libexec/gcc/x86_64-suse-linux/12.2.0/cc1plus -quiet -v -D_GNU_SOURCE /autofs/nccs-svm1_sw/frontier/spack-envs/base/opt/linux-sles15-x86_64/gcc-7.5.0/cmake-3.23.2-4r4mpiba7cwdw2hlakh5i7tchi64s3qd/share/cmake-3.23/Modules/CMakeCXXCompilerABI.cpp -quiet -dumpdir CMakeFiles/cmTC_ba690.dir/ -dumpbase CMakeCXXCompilerABI.cpp.cpp -dumpbase-ext .cpp -mtune=generic -march=x86-64 -version -o /tmp/ccwd0Ejr.s]
  ignore line: [GNU C++17 (GCC) version 12.2.0 20220819 (HPE) (x86_64-suse-linux)]
  ignore line: [	compiled by GNU C version 12.2.0 20220819 (HPE)  GMP version 6.0.0  MPFR version 3.1.3  MPC version 1.0.3  isl version isl-0.15-GMP]
  ignore line: []
  ignore line: [GGC heuristics: --param ggc-min-expand=100 --param ggc-min-heapsize=131072]
  ignore line: [ignoring nonexistent directory "/opt/cray/pe/gcc/12.2.0/snos/lib/gcc/x86_64-suse-linux/12.2.0/../../../../x86_64-suse-linux/include"]
  ignore line: [#include "..." search starts here:]
  ignore line: [#include <...> search starts here:]
  ignore line: [ /opt/cray/pe/gcc/12.2.0/snos/include/g++]
  ignore line: [ /opt/cray/pe/gcc/12.2.0/snos/include/g++/x86_64-suse-linux]
  ignore line: [ /opt/cray/pe/gcc/12.2.0/snos/include/g++/backward]
  ignore line: [ /opt/cray/pe/gcc/12.2.0/snos/lib/gcc/x86_64-suse-linux/12.2.0/include]
  ignore line: [ /usr/local/include]
  ignore line: [ /opt/cray/pe/gcc/12.2.0/snos/include]
  ignore line: [ /opt/cray/pe/gcc/12.2.0/snos/lib/gcc/x86_64-suse-linux/12.2.0/include-fixed]
  ignore line: [ /usr/include]
  ignore line: [End of search list.]
  ignore line: [GNU C++17 (GCC) version 12.2.0 20220819 (HPE) (x86_64-suse-linux)]
  ignore line: [	compiled by GNU C version 12.2.0 20220819 (HPE)  GMP version 6.0.0  MPFR version 3.1.3  MPC version 1.0.3  isl version isl-0.15-GMP]
  ignore line: []
  ignore line: [GGC heuristics: --param ggc-min-expand=100 --param ggc-min-heapsize=131072]
  ignore line: [Compiler executable checksum: 8ab7458f0c71d9bb97051ab15796c1ac]
  ignore line: [COLLECT_GCC_OPTIONS='-v' '-o' 'CMakeFiles/cmTC_ba690.dir/CMakeCXXCompilerABI.cpp.o' '-c' '-shared-libgcc' '-mtune=generic' '-march=x86-64' '-dumpdir' 'CMakeFiles/cmTC_ba690.dir/']
  ignore line: [ as -v --64 -o CMakeFiles/cmTC_ba690.dir/CMakeCXXCompilerABI.cpp.o /tmp/ccwd0Ejr.s]
  ignore line: [GNU assembler version 2.41.0 (x86_64-suse-linux) using BFD version (GNU Binutils]
  ignore line: [ SUSE Linux Enterprise 15) 2.41.0.20230908-150100.7.46]
  ignore line: [COMPILER_PATH=/opt/cray/pe/gcc/12.2.0/snos/libexec/gcc/x86_64-suse-linux/12.2.0/:/opt/cray/pe/gcc/12.2.0/snos/libexec/gcc/x86_64-suse-linux/12.2.0/:/opt/cray/pe/gcc/12.2.0/snos/libexec/gcc/x86_64-suse-linux/:/opt/cray/pe/gcc/12.2.0/snos/lib/gcc/x86_64-suse-linux/12.2.0/:/opt/cray/pe/gcc/12.2.0/snos/lib/gcc/x86_64-suse-linux/]
  ignore line: [LIBRARY_PATH=/opt/cray/pe/gcc/12.2.0/snos/lib/gcc/x86_64-suse-linux/12.2.0/:/opt/cray/pe/gcc/12.2.0/snos/lib/gcc/x86_64-suse-linux/12.2.0/../../../../lib64/:/lib/../lib64/:/usr/lib/../lib64/:/opt/cray/pe/gcc/12.2.0/snos/lib/gcc/x86_64-suse-linux/12.2.0/../../../:/lib/:/usr/lib/]
  ignore line: [COLLECT_GCC_OPTIONS='-v' '-o' 'CMakeFiles/cmTC_ba690.dir/CMakeCXXCompilerABI.cpp.o' '-c' '-shared-libgcc' '-mtune=generic' '-march=x86-64' '-dumpdir' 'CMakeFiles/cmTC_ba690.dir/CMakeCXXCompilerABI.cpp.']
  ignore line: [Linking CXX executable cmTC_ba690]
  ignore line: [/autofs/nccs-svm1_sw/frontier/spack-envs/base/opt/linux-sles15-x86_64/gcc-7.5.0/cmake-3.23.2-4r4mpiba7cwdw2hlakh5i7tchi64s3qd/bin/cmake -E cmake_link_script CMakeFiles/cmTC_ba690.dir/link.txt --verbose=1]
  ignore line: [/opt/cray/pe/gcc/12.2.0/snos/bin/g++  -v CMakeFiles/cmTC_ba690.dir/CMakeCXXCompilerABI.cpp.o -o cmTC_ba690 ]
  ignore line: [Using built-in specs.]
  ignore line: [COLLECT_GCC=/opt/cray/pe/gcc/12.2.0/snos/bin/g++]
  ignore line: [COLLECT_LTO_WRAPPER=/opt/cray/pe/gcc/12.2.0/snos/libexec/gcc/x86_64-suse-linux/12.2.0/lto-wrapper]
  ignore line: [Target: x86_64-suse-linux]
  ignore line: [Configured with: ../cpe-gcc-12.2.0-202304182231.7dfee50f41751/configure --prefix=/opt/cray/pe/gcc/12.2.0/snos --disable-nls --libdir=/opt/cray/pe/gcc/12.2.0/snos/lib --enable-languages=c c++ fortran --with-gxx-include-dir=/opt/cray/pe/gcc/12.2.0/snos/include/g++ --with-slibdir=/opt/cray/pe/gcc/12.2.0/snos/lib --with-system-zlib --enable-shared --enable-__cxa_atexit --build=x86_64-suse-linux --with-ppl --with-cloog --disable-multilib]
  ignore line: [Thread model: posix]
  ignore line: [Supported LTO compression algorithms: zlib]
  ignore line: [gcc version 12.2.0 20220819 (HPE) (GCC) ]
  ignore line: [COMPILER_PATH=/opt/cray/pe/gcc/12.2.0/snos/libexec/gcc/x86_64-suse-linux/12.2.0/:/opt/cray/pe/gcc/12.2.0/snos/libexec/gcc/x86_64-suse-linux/12.2.0/:/opt/cray/pe/gcc/12.2.0/snos/libexec/gcc/x86_64-suse-linux/:/opt/cray/pe/gcc/12.2.0/snos/lib/gcc/x86_64-suse-linux/12.2.0/:/opt/cray/pe/gcc/12.2.0/snos/lib/gcc/x86_64-suse-linux/]
  ignore line: [LIBRARY_PATH=/opt/cray/pe/gcc/12.2.0/snos/lib/gcc/x86_64-suse-linux/12.2.0/:/opt/cray/pe/gcc/12.2.0/snos/lib/gcc/x86_64-suse-linux/12.2.0/../../../../lib64/:/lib/../lib64/:/usr/lib/../lib64/:/opt/cray/pe/gcc/12.2.0/snos/lib/gcc/x86_64-suse-linux/12.2.0/../../../:/lib/:/usr/lib/]
  ignore line: [COLLECT_GCC_OPTIONS='-v' '-o' 'cmTC_ba690' '-shared-libgcc' '-mtune=generic' '-march=x86-64' '-dumpdir' 'cmTC_ba690.']
  link line: [ /opt/cray/pe/gcc/12.2.0/snos/libexec/gcc/x86_64-suse-linux/12.2.0/collect2 -plugin /opt/cray/pe/gcc/12.2.0/snos/libexec/gcc/x86_64-suse-linux/12.2.0/liblto_plugin.so -plugin-opt=/opt/cray/pe/gcc/12.2.0/snos/libexec/gcc/x86_64-suse-linux/12.2.0/lto-wrapper -plugin-opt=-fresolution=/tmp/ccAjWwnO.res -plugin-opt=-pass-through=-lgcc_s -plugin-opt=-pass-through=-lgcc -plugin-opt=-pass-through=-lc -plugin-opt=-pass-through=-lgcc_s -plugin-opt=-pass-through=-lgcc --eh-frame-hdr -m elf_x86_64 -dynamic-linker /lib64/ld-linux-x86-64.so.2 -o cmTC_ba690 /usr/lib/../lib64/crt1.o /usr/lib/../lib64/crti.o /opt/cray/pe/gcc/12.2.0/snos/lib/gcc/x86_64-suse-linux/12.2.0/crtbegin.o -L/opt/cray/pe/gcc/12.2.0/snos/lib/gcc/x86_64-suse-linux/12.2.0 -L/opt/cray/pe/gcc/12.2.0/snos/lib/gcc/x86_64-suse-linux/12.2.0/../../../../lib64 -L/lib/../lib64 -L/usr/lib/../lib64 -L/opt/cray/pe/gcc/12.2.0/snos/lib/gcc/x86_64-suse-linux/12.2.0/../../.. CMakeFiles/cmTC_ba690.dir/CMakeCXXCompilerABI.cpp.o -lstdc++ -lm -lgcc_s -lgcc -lc -lgcc_s -lgcc /opt/cray/pe/gcc/12.2.0/snos/lib/gcc/x86_64-suse-linux/12.2.0/crtend.o /usr/lib/../lib64/crtn.o]
    arg [/opt/cray/pe/gcc/12.2.0/snos/libexec/gcc/x86_64-suse-linux/12.2.0/collect2] ==> ignore
    arg [-plugin] ==> ignore
    arg [/opt/cray/pe/gcc/12.2.0/snos/libexec/gcc/x86_64-suse-linux/12.2.0/liblto_plugin.so] ==> ignore
    arg [-plugin-opt=/opt/cray/pe/gcc/12.2.0/snos/libexec/gcc/x86_64-suse-linux/12.2.0/lto-wrapper] ==> ignore
    arg [-plugin-opt=-fresolution=/tmp/ccAjWwnO.res] ==> ignore
    arg [-plugin-opt=-pass-through=-lgcc_s] ==> ignore
    arg [-plugin-opt=-pass-through=-lgcc] ==> ignore
    arg [-plugin-opt=-pass-through=-lc] ==> ignore
    arg [-plugin-opt=-pass-through=-lgcc_s] ==> ignore
    arg [-plugin-opt=-pass-through=-lgcc] ==> ignore
    arg [--eh-frame-hdr] ==> ignore
    arg [-m] ==> ignore
    arg [elf_x86_64] ==> ignore
    arg [-dynamic-linker] ==> ignore
    arg [/lib64/ld-linux-x86-64.so.2] ==> ignore
    arg [-o] ==> ignore
    arg [cmTC_ba690] ==> ignore
    arg [/usr/lib/../lib64/crt1.o] ==> obj [/usr/lib/../lib64/crt1.o]
    arg [/usr/lib/../lib64/crti.o] ==> obj [/usr/lib/../lib64/crti.o]
    arg [/opt/cray/pe/gcc/12.2.0/snos/lib/gcc/x86_64-suse-linux/12.2.0/crtbegin.o] ==> obj [/opt/cray/pe/gcc/12.2.0/snos/lib/gcc/x86_64-suse-linux/12.2.0/crtbegin.o]
    arg [-L/opt/cray/pe/gcc/12.2.0/snos/lib/gcc/x86_64-suse-linux/12.2.0] ==> dir [/opt/cray/pe/gcc/12.2.0/snos/lib/gcc/x86_64-suse-linux/12.2.0]
    arg [-L/opt/cray/pe/gcc/12.2.0/snos/lib/gcc/x86_64-suse-linux/12.2.0/../../../../lib64] ==> dir [/opt/cray/pe/gcc/12.2.0/snos/lib/gcc/x86_64-suse-linux/12.2.0/../../../../lib64]
    arg [-L/lib/../lib64] ==> dir [/lib/../lib64]
    arg [-L/usr/lib/../lib64] ==> dir [/usr/lib/../lib64]
    arg [-L/opt/cray/pe/gcc/12.2.0/snos/lib/gcc/x86_64-suse-linux/12.2.0/../../..] ==> dir [/opt/cray/pe/gcc/12.2.0/snos/lib/gcc/x86_64-suse-linux/12.2.0/../../..]
    arg [CMakeFiles/cmTC_ba690.dir/CMakeCXXCompilerABI.cpp.o] ==> ignore
    arg [-lstdc++] ==> lib [stdc++]
    arg [-lm] ==> lib [m]
    arg [-lgcc_s] ==> lib [gcc_s]
    arg [-lgcc] ==> lib [gcc]
    arg [-lc] ==> lib [c]
    arg [-lgcc_s] ==> lib [gcc_s]
    arg [-lgcc] ==> lib [gcc]
    arg [/opt/cray/pe/gcc/12.2.0/snos/lib/gcc/x86_64-suse-linux/12.2.0/crtend.o] ==> obj [/opt/cray/pe/gcc/12.2.0/snos/lib/gcc/x86_64-suse-linux/12.2.0/crtend.o]
    arg [/usr/lib/../lib64/crtn.o] ==> obj [/usr/lib/../lib64/crtn.o]
  collapse obj [/usr/lib/../lib64/crt1.o] ==> [/usr/lib64/crt1.o]
  collapse obj [/usr/lib/../lib64/crti.o] ==> [/usr/lib64/crti.o]
  collapse obj [/usr/lib/../lib64/crtn.o] ==> [/usr/lib64/crtn.o]
  collapse library dir [/opt/cray/pe/gcc/12.2.0/snos/lib/gcc/x86_64-suse-linux/12.2.0] ==> [/opt/cray/pe/gcc/12.2.0/snos/lib/gcc/x86_64-suse-linux/12.2.0]
  collapse library dir [/opt/cray/pe/gcc/12.2.0/snos/lib/gcc/x86_64-suse-linux/12.2.0/../../../../lib64] ==> [/opt/cray/pe/gcc/12.2.0/snos/lib64]
  collapse library dir [/lib/../lib64] ==> [/lib64]
  collapse library dir [/usr/lib/../lib64] ==> [/usr/lib64]
  collapse library dir [/opt/cray/pe/gcc/12.2.0/snos/lib/gcc/x86_64-suse-linux/12.2.0/../../..] ==> [/opt/cray/pe/gcc/12.2.0/snos/lib]
  implicit libs: [stdc++;m;gcc_s;gcc;c;gcc_s;gcc]
  implicit objs: [/usr/lib64/crt1.o;/usr/lib64/crti.o;/opt/cray/pe/gcc/12.2.0/snos/lib/gcc/x86_64-suse-linux/12.2.0/crtbegin.o;/opt/cray/pe/gcc/12.2.0/snos/lib/gcc/x86_64-suse-linux/12.2.0/crtend.o;/usr/lib64/crtn.o]
  implicit dirs: [/opt/cray/pe/gcc/12.2.0/snos/lib/gcc/x86_64-suse-linux/12.2.0;/opt/cray/pe/gcc/12.2.0/snos/lib64;/lib64;/usr/lib64;/opt/cray/pe/gcc/12.2.0/snos/lib]
  implicit fwks: []


Detecting C compiler ABI info compiled with the following output:
Change Dir: /lustre/orion/gen150/world-shared/abby-summer24/gunrock_hip_develop/gunrock-hip-develop/CMakeFiles/CMakeTmp

Run Build Command(s):/usr/bin/gmake -f Makefile cmTC_9f97e/fast && /usr/bin/gmake  -f CMakeFiles/cmTC_9f97e.dir/build.make CMakeFiles/cmTC_9f97e.dir/build
gmake[1]: Entering directory '/lustre/orion/gen150/world-shared/abby-summer24/gunrock_hip_develop/gunrock-hip-develop/CMakeFiles/CMakeTmp'
Building C object CMakeFiles/cmTC_9f97e.dir/CMakeCCompilerABI.c.o
/opt/cray/pe/gcc/12.2.0/snos/bin/gcc   -v -o CMakeFiles/cmTC_9f97e.dir/CMakeCCompilerABI.c.o -c /autofs/nccs-svm1_sw/frontier/spack-envs/base/opt/linux-sles15-x86_64/gcc-7.5.0/cmake-3.23.2-4r4mpiba7cwdw2hlakh5i7tchi64s3qd/share/cmake-3.23/Modules/CMakeCCompilerABI.c
Using built-in specs.
COLLECT_GCC=/opt/cray/pe/gcc/12.2.0/snos/bin/gcc
Target: x86_64-suse-linux
Configured with: ../cpe-gcc-12.2.0-202304182231.7dfee50f41751/configure --prefix=/opt/cray/pe/gcc/12.2.0/snos --disable-nls --libdir=/opt/cray/pe/gcc/12.2.0/snos/lib --enable-languages=c,c++,fortran --with-gxx-include-dir=/opt/cray/pe/gcc/12.2.0/snos/include/g++ --with-slibdir=/opt/cray/pe/gcc/12.2.0/snos/lib --with-system-zlib --enable-shared --enable-__cxa_atexit --build=x86_64-suse-linux --with-ppl --with-cloog --disable-multilib
Thread model: posix
Supported LTO compression algorithms: zlib
gcc version 12.2.0 20220819 (HPE) (GCC) 
COLLECT_GCC_OPTIONS='-v' '-o' 'CMakeFiles/cmTC_9f97e.dir/CMakeCCompilerABI.c.o' '-c' '-mtune=generic' '-march=x86-64' '-dumpdir' 'CMakeFiles/cmTC_9f97e.dir/'
 /opt/cray/pe/gcc/12.2.0/snos/libexec/gcc/x86_64-suse-linux/12.2.0/cc1 -quiet -v /autofs/nccs-svm1_sw/frontier/spack-envs/base/opt/linux-sles15-x86_64/gcc-7.5.0/cmake-3.23.2-4r4mpiba7cwdw2hlakh5i7tchi64s3qd/share/cmake-3.23/Modules/CMakeCCompilerABI.c -quiet -dumpdir CMakeFiles/cmTC_9f97e.dir/ -dumpbase CMakeCCompilerABI.c.c -dumpbase-ext .c -mtune=generic -march=x86-64 -version -o /tmp/ccHYSOTq.s
GNU C17 (GCC) version 12.2.0 20220819 (HPE) (x86_64-suse-linux)
	compiled by GNU C version 12.2.0 20220819 (HPE), GMP version 6.0.0, MPFR version 3.1.3, MPC version 1.0.3, isl version isl-0.15-GMP

GGC heuristics: --param ggc-min-expand=100 --param ggc-min-heapsize=131072
ignoring nonexistent directory "/opt/cray/pe/gcc/12.2.0/snos/lib/gcc/x86_64-suse-linux/12.2.0/../../../../x86_64-suse-linux/include"
#include "..." search starts here:
#include <...> search starts here:
 /opt/cray/pe/gcc/12.2.0/snos/lib/gcc/x86_64-suse-linux/12.2.0/include
 /usr/local/include
 /opt/cray/pe/gcc/12.2.0/snos/include
 /opt/cray/pe/gcc/12.2.0/snos/lib/gcc/x86_64-suse-linux/12.2.0/include-fixed
 /usr/include
End of search list.
GNU C17 (GCC) version 12.2.0 20220819 (HPE) (x86_64-suse-linux)
	compiled by GNU C version 12.2.0 20220819 (HPE), GMP version 6.0.0, MPFR version 3.1.3, MPC version 1.0.3, isl version isl-0.15-GMP

GGC heuristics: --param ggc-min-expand=100 --param ggc-min-heapsize=131072
Compiler executable checksum: c9a59b04f07d511d237a8fb885740540
COLLECT_GCC_OPTIONS='-v' '-o' 'CMakeFiles/cmTC_9f97e.dir/CMakeCCompilerABI.c.o' '-c' '-mtune=generic' '-march=x86-64' '-dumpdir' 'CMakeFiles/cmTC_9f97e.dir/'
 as -v --64 -o CMakeFiles/cmTC_9f97e.dir/CMakeCCompilerABI.c.o /tmp/ccHYSOTq.s
GNU assembler version 2.41.0 (x86_64-suse-linux) using BFD version (GNU Binutils; SUSE Linux Enterprise 15) 2.41.0.20230908-150100.7.46
COMPILER_PATH=/opt/cray/pe/gcc/12.2.0/snos/libexec/gcc/x86_64-suse-linux/12.2.0/:/opt/cray/pe/gcc/12.2.0/snos/libexec/gcc/x86_64-suse-linux/12.2.0/:/opt/cray/pe/gcc/12.2.0/snos/libexec/gcc/x86_64-suse-linux/:/opt/cray/pe/gcc/12.2.0/snos/lib/gcc/x86_64-suse-linux/12.2.0/:/opt/cray/pe/gcc/12.2.0/snos/lib/gcc/x86_64-suse-linux/
LIBRARY_PATH=/opt/cray/pe/gcc/12.2.0/snos/lib/gcc/x86_64-suse-linux/12.2.0/:/opt/cray/pe/gcc/12.2.0/snos/lib/gcc/x86_64-suse-linux/12.2.0/../../../../lib64/:/lib/../lib64/:/usr/lib/../lib64/:/opt/cray/pe/gcc/12.2.0/snos/lib/gcc/x86_64-suse-linux/12.2.0/../../../:/lib/:/usr/lib/
COLLECT_GCC_OPTIONS='-v' '-o' 'CMakeFiles/cmTC_9f97e.dir/CMakeCCompilerABI.c.o' '-c' '-mtune=generic' '-march=x86-64' '-dumpdir' 'CMakeFiles/cmTC_9f97e.dir/CMakeCCompilerABI.c.'
Linking C executable cmTC_9f97e
/autofs/nccs-svm1_sw/frontier/spack-envs/base/opt/linux-sles15-x86_64/gcc-7.5.0/cmake-3.23.2-4r4mpiba7cwdw2hlakh5i7tchi64s3qd/bin/cmake -E cmake_link_script CMakeFiles/cmTC_9f97e.dir/link.txt --verbose=1
/opt/cray/pe/gcc/12.2.0/snos/bin/gcc  -v CMakeFiles/cmTC_9f97e.dir/CMakeCCompilerABI.c.o -o cmTC_9f97e 
Using built-in specs.
COLLECT_GCC=/opt/cray/pe/gcc/12.2.0/snos/bin/gcc
COLLECT_LTO_WRAPPER=/opt/cray/pe/gcc/12.2.0/snos/libexec/gcc/x86_64-suse-linux/12.2.0/lto-wrapper
Target: x86_64-suse-linux
Configured with: ../cpe-gcc-12.2.0-202304182231.7dfee50f41751/configure --prefix=/opt/cray/pe/gcc/12.2.0/snos --disable-nls --libdir=/opt/cray/pe/gcc/12.2.0/snos/lib --enable-languages=c,c++,fortran --with-gxx-include-dir=/opt/cray/pe/gcc/12.2.0/snos/include/g++ --with-slibdir=/opt/cray/pe/gcc/12.2.0/snos/lib --with-system-zlib --enable-shared --enable-__cxa_atexit --build=x86_64-suse-linux --with-ppl --with-cloog --disable-multilib
Thread model: posix
Supported LTO compression algorithms: zlib
gcc version 12.2.0 20220819 (HPE) (GCC) 
COMPILER_PATH=/opt/cray/pe/gcc/12.2.0/snos/libexec/gcc/x86_64-suse-linux/12.2.0/:/opt/cray/pe/gcc/12.2.0/snos/libexec/gcc/x86_64-suse-linux/12.2.0/:/opt/cray/pe/gcc/12.2.0/snos/libexec/gcc/x86_64-suse-linux/:/opt/cray/pe/gcc/12.2.0/snos/lib/gcc/x86_64-suse-linux/12.2.0/:/opt/cray/pe/gcc/12.2.0/snos/lib/gcc/x86_64-suse-linux/
LIBRARY_PATH=/opt/cray/pe/gcc/12.2.0/snos/lib/gcc/x86_64-suse-linux/12.2.0/:/opt/cray/pe/gcc/12.2.0/snos/lib/gcc/x86_64-suse-linux/12.2.0/../../../../lib64/:/lib/../lib64/:/usr/lib/../lib64/:/opt/cray/pe/gcc/12.2.0/snos/lib/gcc/x86_64-suse-linux/12.2.0/../../../:/lib/:/usr/lib/
COLLECT_GCC_OPTIONS='-v' '-o' 'cmTC_9f97e' '-mtune=generic' '-march=x86-64' '-dumpdir' 'cmTC_9f97e.'
 /opt/cray/pe/gcc/12.2.0/snos/libexec/gcc/x86_64-suse-linux/12.2.0/collect2 -plugin /opt/cray/pe/gcc/12.2.0/snos/libexec/gcc/x86_64-suse-linux/12.2.0/liblto_plugin.so -plugin-opt=/opt/cray/pe/gcc/12.2.0/snos/libexec/gcc/x86_64-suse-linux/12.2.0/lto-wrapper -plugin-opt=-fresolution=/tmp/ccTtsK2Q.res -plugin-opt=-pass-through=-lgcc -plugin-opt=-pass-through=-lgcc_s -plugin-opt=-pass-through=-lc -plugin-opt=-pass-through=-lgcc -plugin-opt=-pass-through=-lgcc_s --eh-frame-hdr -m elf_x86_64 -dynamic-linker /lib64/ld-linux-x86-64.so.2 -o cmTC_9f97e /usr/lib/../lib64/crt1.o /usr/lib/../lib64/crti.o /opt/cray/pe/gcc/12.2.0/snos/lib/gcc/x86_64-suse-linux/12.2.0/crtbegin.o -L/opt/cray/pe/gcc/12.2.0/snos/lib/gcc/x86_64-suse-linux/12.2.0 -L/opt/cray/pe/gcc/12.2.0/snos/lib/gcc/x86_64-suse-linux/12.2.0/../../../../lib64 -L/lib/../lib64 -L/usr/lib/../lib64 -L/opt/cray/pe/gcc/12.2.0/snos/lib/gcc/x86_64-suse-linux/12.2.0/../../.. CMakeFiles/cmTC_9f97e.dir/CMakeCCompilerABI.c.o -lgcc --push-state --as-needed -lgcc_s --pop-state -lc -lgcc --push-state --as-needed -lgcc_s --pop-state /opt/cray/pe/gcc/12.2.0/snos/lib/gcc/x86_64-suse-linux/12.2.0/crtend.o /usr/lib/../lib64/crtn.o
COLLECT_GCC_OPTIONS='-v' '-o' 'cmTC_9f97e' '-mtune=generic' '-march=x86-64' '-dumpdir' 'cmTC_9f97e.'
gmake[1]: Leaving directory '/lustre/orion/gen150/world-shared/abby-summer24/gunrock_hip_develop/gunrock-hip-develop/CMakeFiles/CMakeTmp'



Parsed C implicit include dir info from above output: rv=done
  found start of include info
  found start of implicit include info
    add: [/opt/cray/pe/gcc/12.2.0/snos/lib/gcc/x86_64-suse-linux/12.2.0/include]
    add: [/usr/local/include]
    add: [/opt/cray/pe/gcc/12.2.0/snos/include]
    add: [/opt/cray/pe/gcc/12.2.0/snos/lib/gcc/x86_64-suse-linux/12.2.0/include-fixed]
    add: [/usr/include]
  end of search list found
  collapse include dir [/opt/cray/pe/gcc/12.2.0/snos/lib/gcc/x86_64-suse-linux/12.2.0/include] ==> [/opt/cray/pe/gcc/12.2.0/snos/lib/gcc/x86_64-suse-linux/12.2.0/include]
  collapse include dir [/usr/local/include] ==> [/usr/local/include]
  collapse include dir [/opt/cray/pe/gcc/12.2.0/snos/include] ==> [/opt/cray/pe/gcc/12.2.0/snos/include]
  collapse include dir [/opt/cray/pe/gcc/12.2.0/snos/lib/gcc/x86_64-suse-linux/12.2.0/include-fixed] ==> [/opt/cray/pe/gcc/12.2.0/snos/lib/gcc/x86_64-suse-linux/12.2.0/include-fixed]
  collapse include dir [/usr/include] ==> [/usr/include]
  implicit include dirs: [/opt/cray/pe/gcc/12.2.0/snos/lib/gcc/x86_64-suse-linux/12.2.0/include;/usr/local/include;/opt/cray/pe/gcc/12.2.0/snos/include;/opt/cray/pe/gcc/12.2.0/snos/lib/gcc/x86_64-suse-linux/12.2.0/include-fixed;/usr/include]


Parsed C implicit link information from above output:
  link line regex: [^( *|.*[/\])(ld|CMAKE_LINK_STARTFILE-NOTFOUND|([^/\]+-)?ld|collect2)[^/\]*( |$)]
  ignore line: [Change Dir: /lustre/orion/gen150/world-shared/abby-summer24/gunrock_hip_develop/gunrock-hip-develop/CMakeFiles/CMakeTmp]
  ignore line: []
  ignore line: [Run Build Command(s):/usr/bin/gmake -f Makefile cmTC_9f97e/fast && /usr/bin/gmake  -f CMakeFiles/cmTC_9f97e.dir/build.make CMakeFiles/cmTC_9f97e.dir/build]
  ignore line: [gmake[1]: Entering directory '/lustre/orion/gen150/world-shared/abby-summer24/gunrock_hip_develop/gunrock-hip-develop/CMakeFiles/CMakeTmp']
  ignore line: [Building C object CMakeFiles/cmTC_9f97e.dir/CMakeCCompilerABI.c.o]
  ignore line: [/opt/cray/pe/gcc/12.2.0/snos/bin/gcc   -v -o CMakeFiles/cmTC_9f97e.dir/CMakeCCompilerABI.c.o -c /autofs/nccs-svm1_sw/frontier/spack-envs/base/opt/linux-sles15-x86_64/gcc-7.5.0/cmake-3.23.2-4r4mpiba7cwdw2hlakh5i7tchi64s3qd/share/cmake-3.23/Modules/CMakeCCompilerABI.c]
  ignore line: [Using built-in specs.]
  ignore line: [COLLECT_GCC=/opt/cray/pe/gcc/12.2.0/snos/bin/gcc]
  ignore line: [Target: x86_64-suse-linux]
  ignore line: [Configured with: ../cpe-gcc-12.2.0-202304182231.7dfee50f41751/configure --prefix=/opt/cray/pe/gcc/12.2.0/snos --disable-nls --libdir=/opt/cray/pe/gcc/12.2.0/snos/lib --enable-languages=c c++ fortran --with-gxx-include-dir=/opt/cray/pe/gcc/12.2.0/snos/include/g++ --with-slibdir=/opt/cray/pe/gcc/12.2.0/snos/lib --with-system-zlib --enable-shared --enable-__cxa_atexit --build=x86_64-suse-linux --with-ppl --with-cloog --disable-multilib]
  ignore line: [Thread model: posix]
  ignore line: [Supported LTO compression algorithms: zlib]
  ignore line: [gcc version 12.2.0 20220819 (HPE) (GCC) ]
  ignore line: [COLLECT_GCC_OPTIONS='-v' '-o' 'CMakeFiles/cmTC_9f97e.dir/CMakeCCompilerABI.c.o' '-c' '-mtune=generic' '-march=x86-64' '-dumpdir' 'CMakeFiles/cmTC_9f97e.dir/']
  ignore line: [ /opt/cray/pe/gcc/12.2.0/snos/libexec/gcc/x86_64-suse-linux/12.2.0/cc1 -quiet -v /autofs/nccs-svm1_sw/frontier/spack-envs/base/opt/linux-sles15-x86_64/gcc-7.5.0/cmake-3.23.2-4r4mpiba7cwdw2hlakh5i7tchi64s3qd/share/cmake-3.23/Modules/CMakeCCompilerABI.c -quiet -dumpdir CMakeFiles/cmTC_9f97e.dir/ -dumpbase CMakeCCompilerABI.c.c -dumpbase-ext .c -mtune=generic -march=x86-64 -version -o /tmp/ccHYSOTq.s]
  ignore line: [GNU C17 (GCC) version 12.2.0 20220819 (HPE) (x86_64-suse-linux)]
  ignore line: [	compiled by GNU C version 12.2.0 20220819 (HPE)  GMP version 6.0.0  MPFR version 3.1.3  MPC version 1.0.3  isl version isl-0.15-GMP]
  ignore line: []
  ignore line: [GGC heuristics: --param ggc-min-expand=100 --param ggc-min-heapsize=131072]
  ignore line: [ignoring nonexistent directory "/opt/cray/pe/gcc/12.2.0/snos/lib/gcc/x86_64-suse-linux/12.2.0/../../../../x86_64-suse-linux/include"]
  ignore line: [#include "..." search starts here:]
  ignore line: [#include <...> search starts here:]
  ignore line: [ /opt/cray/pe/gcc/12.2.0/snos/lib/gcc/x86_64-suse-linux/12.2.0/include]
  ignore line: [ /usr/local/include]
  ignore line: [ /opt/cray/pe/gcc/12.2.0/snos/include]
  ignore line: [ /opt/cray/pe/gcc/12.2.0/snos/lib/gcc/x86_64-suse-linux/12.2.0/include-fixed]
  ignore line: [ /usr/include]
  ignore line: [End of search list.]
  ignore line: [GNU C17 (GCC) version 12.2.0 20220819 (HPE) (x86_64-suse-linux)]
  ignore line: [	compiled by GNU C version 12.2.0 20220819 (HPE)  GMP version 6.0.0  MPFR version 3.1.3  MPC version 1.0.3  isl version isl-0.15-GMP]
  ignore line: []
  ignore line: [GGC heuristics: --param ggc-min-expand=100 --param ggc-min-heapsize=131072]
  ignore line: [Compiler executable checksum: c9a59b04f07d511d237a8fb885740540]
  ignore line: [COLLECT_GCC_OPTIONS='-v' '-o' 'CMakeFiles/cmTC_9f97e.dir/CMakeCCompilerABI.c.o' '-c' '-mtune=generic' '-march=x86-64' '-dumpdir' 'CMakeFiles/cmTC_9f97e.dir/']
  ignore line: [ as -v --64 -o CMakeFiles/cmTC_9f97e.dir/CMakeCCompilerABI.c.o /tmp/ccHYSOTq.s]
  ignore line: [GNU assembler version 2.41.0 (x86_64-suse-linux) using BFD version (GNU Binutils]
  ignore line: [ SUSE Linux Enterprise 15) 2.41.0.20230908-150100.7.46]
  ignore line: [COMPILER_PATH=/opt/cray/pe/gcc/12.2.0/snos/libexec/gcc/x86_64-suse-linux/12.2.0/:/opt/cray/pe/gcc/12.2.0/snos/libexec/gcc/x86_64-suse-linux/12.2.0/:/opt/cray/pe/gcc/12.2.0/snos/libexec/gcc/x86_64-suse-linux/:/opt/cray/pe/gcc/12.2.0/snos/lib/gcc/x86_64-suse-linux/12.2.0/:/opt/cray/pe/gcc/12.2.0/snos/lib/gcc/x86_64-suse-linux/]
  ignore line: [LIBRARY_PATH=/opt/cray/pe/gcc/12.2.0/snos/lib/gcc/x86_64-suse-linux/12.2.0/:/opt/cray/pe/gcc/12.2.0/snos/lib/gcc/x86_64-suse-linux/12.2.0/../../../../lib64/:/lib/../lib64/:/usr/lib/../lib64/:/opt/cray/pe/gcc/12.2.0/snos/lib/gcc/x86_64-suse-linux/12.2.0/../../../:/lib/:/usr/lib/]
  ignore line: [COLLECT_GCC_OPTIONS='-v' '-o' 'CMakeFiles/cmTC_9f97e.dir/CMakeCCompilerABI.c.o' '-c' '-mtune=generic' '-march=x86-64' '-dumpdir' 'CMakeFiles/cmTC_9f97e.dir/CMakeCCompilerABI.c.']
  ignore line: [Linking C executable cmTC_9f97e]
  ignore line: [/autofs/nccs-svm1_sw/frontier/spack-envs/base/opt/linux-sles15-x86_64/gcc-7.5.0/cmake-3.23.2-4r4mpiba7cwdw2hlakh5i7tchi64s3qd/bin/cmake -E cmake_link_script CMakeFiles/cmTC_9f97e.dir/link.txt --verbose=1]
  ignore line: [/opt/cray/pe/gcc/12.2.0/snos/bin/gcc  -v CMakeFiles/cmTC_9f97e.dir/CMakeCCompilerABI.c.o -o cmTC_9f97e ]
  ignore line: [Using built-in specs.]
  ignore line: [COLLECT_GCC=/opt/cray/pe/gcc/12.2.0/snos/bin/gcc]
  ignore line: [COLLECT_LTO_WRAPPER=/opt/cray/pe/gcc/12.2.0/snos/libexec/gcc/x86_64-suse-linux/12.2.0/lto-wrapper]
  ignore line: [Target: x86_64-suse-linux]
  ignore line: [Configured with: ../cpe-gcc-12.2.0-202304182231.7dfee50f41751/configure --prefix=/opt/cray/pe/gcc/12.2.0/snos --disable-nls --libdir=/opt/cray/pe/gcc/12.2.0/snos/lib --enable-languages=c c++ fortran --with-gxx-include-dir=/opt/cray/pe/gcc/12.2.0/snos/include/g++ --with-slibdir=/opt/cray/pe/gcc/12.2.0/snos/lib --with-system-zlib --enable-shared --enable-__cxa_atexit --build=x86_64-suse-linux --with-ppl --with-cloog --disable-multilib]
  ignore line: [Thread model: posix]
  ignore line: [Supported LTO compression algorithms: zlib]
  ignore line: [gcc version 12.2.0 20220819 (HPE) (GCC) ]
  ignore line: [COMPILER_PATH=/opt/cray/pe/gcc/12.2.0/snos/libexec/gcc/x86_64-suse-linux/12.2.0/:/opt/cray/pe/gcc/12.2.0/snos/libexec/gcc/x86_64-suse-linux/12.2.0/:/opt/cray/pe/gcc/12.2.0/snos/libexec/gcc/x86_64-suse-linux/:/opt/cray/pe/gcc/12.2.0/snos/lib/gcc/x86_64-suse-linux/12.2.0/:/opt/cray/pe/gcc/12.2.0/snos/lib/gcc/x86_64-suse-linux/]
  ignore line: [LIBRARY_PATH=/opt/cray/pe/gcc/12.2.0/snos/lib/gcc/x86_64-suse-linux/12.2.0/:/opt/cray/pe/gcc/12.2.0/snos/lib/gcc/x86_64-suse-linux/12.2.0/../../../../lib64/:/lib/../lib64/:/usr/lib/../lib64/:/opt/cray/pe/gcc/12.2.0/snos/lib/gcc/x86_64-suse-linux/12.2.0/../../../:/lib/:/usr/lib/]
  ignore line: [COLLECT_GCC_OPTIONS='-v' '-o' 'cmTC_9f97e' '-mtune=generic' '-march=x86-64' '-dumpdir' 'cmTC_9f97e.']
  link line: [ /opt/cray/pe/gcc/12.2.0/snos/libexec/gcc/x86_64-suse-linux/12.2.0/collect2 -plugin /opt/cray/pe/gcc/12.2.0/snos/libexec/gcc/x86_64-suse-linux/12.2.0/liblto_plugin.so -plugin-opt=/opt/cray/pe/gcc/12.2.0/snos/libexec/gcc/x86_64-suse-linux/12.2.0/lto-wrapper -plugin-opt=-fresolution=/tmp/ccTtsK2Q.res -plugin-opt=-pass-through=-lgcc -plugin-opt=-pass-through=-lgcc_s -plugin-opt=-pass-through=-lc -plugin-opt=-pass-through=-lgcc -plugin-opt=-pass-through=-lgcc_s --eh-frame-hdr -m elf_x86_64 -dynamic-linker /lib64/ld-linux-x86-64.so.2 -o cmTC_9f97e /usr/lib/../lib64/crt1.o /usr/lib/../lib64/crti.o /opt/cray/pe/gcc/12.2.0/snos/lib/gcc/x86_64-suse-linux/12.2.0/crtbegin.o -L/opt/cray/pe/gcc/12.2.0/snos/lib/gcc/x86_64-suse-linux/12.2.0 -L/opt/cray/pe/gcc/12.2.0/snos/lib/gcc/x86_64-suse-linux/12.2.0/../../../../lib64 -L/lib/../lib64 -L/usr/lib/../lib64 -L/opt/cray/pe/gcc/12.2.0/snos/lib/gcc/x86_64-suse-linux/12.2.0/../../.. CMakeFiles/cmTC_9f97e.dir/CMakeCCompilerABI.c.o -lgcc --push-state --as-needed -lgcc_s --pop-state -lc -lgcc --push-state --as-needed -lgcc_s --pop-state /opt/cray/pe/gcc/12.2.0/snos/lib/gcc/x86_64-suse-linux/12.2.0/crtend.o /usr/lib/../lib64/crtn.o]
    arg [/opt/cray/pe/gcc/12.2.0/snos/libexec/gcc/x86_64-suse-linux/12.2.0/collect2] ==> ignore
    arg [-plugin] ==> ignore
    arg [/opt/cray/pe/gcc/12.2.0/snos/libexec/gcc/x86_64-suse-linux/12.2.0/liblto_plugin.so] ==> ignore
    arg [-plugin-opt=/opt/cray/pe/gcc/12.2.0/snos/libexec/gcc/x86_64-suse-linux/12.2.0/lto-wrapper] ==> ignore
    arg [-plugin-opt=-fresolution=/tmp/ccTtsK2Q.res] ==> ignore
    arg [-plugin-opt=-pass-through=-lgcc] ==> ignore
    arg [-plugin-opt=-pass-through=-lgcc_s] ==> ignore
    arg [-plugin-opt=-pass-through=-lc] ==> ignore
    arg [-plugin-opt=-pass-through=-lgcc] ==> ignore
    arg [-plugin-opt=-pass-through=-lgcc_s] ==> ignore
    arg [--eh-frame-hdr] ==> ignore
    arg [-m] ==> ignore
    arg [elf_x86_64] ==> ignore
    arg [-dynamic-linker] ==> ignore
    arg [/lib64/ld-linux-x86-64.so.2] ==> ignore
    arg [-o] ==> ignore
    arg [cmTC_9f97e] ==> ignore
    arg [/usr/lib/../lib64/crt1.o] ==> obj [/usr/lib/../lib64/crt1.o]
    arg [/usr/lib/../lib64/crti.o] ==> obj [/usr/lib/../lib64/crti.o]
    arg [/opt/cray/pe/gcc/12.2.0/snos/lib/gcc/x86_64-suse-linux/12.2.0/crtbegin.o] ==> obj [/opt/cray/pe/gcc/12.2.0/snos/lib/gcc/x86_64-suse-linux/12.2.0/crtbegin.o]
    arg [-L/opt/cray/pe/gcc/12.2.0/snos/lib/gcc/x86_64-suse-linux/12.2.0] ==> dir [/opt/cray/pe/gcc/12.2.0/snos/lib/gcc/x86_64-suse-linux/12.2.0]
    arg [-L/opt/cray/pe/gcc/12.2.0/snos/lib/gcc/x86_64-suse-linux/12.2.0/../../../../lib64] ==> dir [/opt/cray/pe/gcc/12.2.0/snos/lib/gcc/x86_64-suse-linux/12.2.0/../../../../lib64]
    arg [-L/lib/../lib64] ==> dir [/lib/../lib64]
    arg [-L/usr/lib/../lib64] ==> dir [/usr/lib/../lib64]
    arg [-L/opt/cray/pe/gcc/12.2.0/snos/lib/gcc/x86_64-suse-linux/12.2.0/../../..] ==> dir [/opt/cray/pe/gcc/12.2.0/snos/lib/gcc/x86_64-suse-linux/12.2.0/../../..]
    arg [CMakeFiles/cmTC_9f97e.dir/CMakeCCompilerABI.c.o] ==> ignore
    arg [-lgcc] ==> lib [gcc]
    arg [--push-state] ==> ignore
    arg [--as-needed] ==> ignore
    arg [-lgcc_s] ==> lib [gcc_s]
    arg [--pop-state] ==> ignore
    arg [-lc] ==> lib [c]
    arg [-lgcc] ==> lib [gcc]
    arg [--push-state] ==> ignore
    arg [--as-needed] ==> ignore
    arg [-lgcc_s] ==> lib [gcc_s]
    arg [--pop-state] ==> ignore
    arg [/opt/cray/pe/gcc/12.2.0/snos/lib/gcc/x86_64-suse-linux/12.2.0/crtend.o] ==> obj [/opt/cray/pe/gcc/12.2.0/snos/lib/gcc/x86_64-suse-linux/12.2.0/crtend.o]
    arg [/usr/lib/../lib64/crtn.o] ==> obj [/usr/lib/../lib64/crtn.o]
  collapse obj [/usr/lib/../lib64/crt1.o] ==> [/usr/lib64/crt1.o]
  collapse obj [/usr/lib/../lib64/crti.o] ==> [/usr/lib64/crti.o]
  collapse obj [/usr/lib/../lib64/crtn.o] ==> [/usr/lib64/crtn.o]
  collapse library dir [/opt/cray/pe/gcc/12.2.0/snos/lib/gcc/x86_64-suse-linux/12.2.0] ==> [/opt/cray/pe/gcc/12.2.0/snos/lib/gcc/x86_64-suse-linux/12.2.0]
  collapse library dir [/opt/cray/pe/gcc/12.2.0/snos/lib/gcc/x86_64-suse-linux/12.2.0/../../../../lib64] ==> [/opt/cray/pe/gcc/12.2.0/snos/lib64]
  collapse library dir [/lib/../lib64] ==> [/lib64]
  collapse library dir [/usr/lib/../lib64] ==> [/usr/lib64]
  collapse library dir [/opt/cray/pe/gcc/12.2.0/snos/lib/gcc/x86_64-suse-linux/12.2.0/../../..] ==> [/opt/cray/pe/gcc/12.2.0/snos/lib]
  implicit libs: [gcc;gcc_s;c;gcc;gcc_s]
  implicit objs: [/usr/lib64/crt1.o;/usr/lib64/crti.o;/opt/cray/pe/gcc/12.2.0/snos/lib/gcc/x86_64-suse-linux/12.2.0/crtbegin.o;/opt/cray/pe/gcc/12.2.0/snos/lib/gcc/x86_64-suse-linux/12.2.0/crtend.o;/usr/lib64/crtn.o]
  implicit dirs: [/opt/cray/pe/gcc/12.2.0/snos/lib/gcc/x86_64-suse-linux/12.2.0;/opt/cray/pe/gcc/12.2.0/snos/lib64;/lib64;/usr/lib64;/opt/cray/pe/gcc/12.2.0/snos/lib]
  implicit fwks: []


Detecting HIP compiler ABI info compiled with the following output:
Change Dir: /lustre/orion/gen150/world-shared/abby-summer24/gunrock_hip_develop/gunrock-hip-develop/CMakeFiles/CMakeTmp

Run Build Command(s):/usr/bin/gmake -f Makefile cmTC_0b227/fast && /usr/bin/gmake  -f CMakeFiles/cmTC_0b227.dir/build.make CMakeFiles/cmTC_0b227.dir/build
gmake[1]: Entering directory '/lustre/orion/gen150/world-shared/abby-summer24/gunrock_hip_develop/gunrock-hip-develop/CMakeFiles/CMakeTmp'
Building HIP object CMakeFiles/cmTC_0b227.dir/CMakeHIPCompilerABI.hip.o
/opt/rocm-5.5.1/llvm/bin/clang++ -D__HIP_ROCclr__=1 -isystem /opt/rocm-5.5.1/include --cuda-host-only  --offload-arch=gfx90a   -v -mllvm -amdgpu-early-inline-all=true -mllvm -amdgpu-function-calls=false -o CMakeFiles/cmTC_0b227.dir/CMakeHIPCompilerABI.hip.o -x hip -c /autofs/nccs-svm1_sw/frontier/spack-envs/base/opt/linux-sles15-x86_64/gcc-7.5.0/cmake-3.23.2-4r4mpiba7cwdw2hlakh5i7tchi64s3qd/share/cmake-3.23/Modules/CMakeHIPCompilerABI.hip
AMD clang version 16.0.0 (https://github.com/RadeonOpenCompute/llvm-project roc-5.5.1 23194 69ef12a7c3cc5b0ccf820bc007bd87e8b3ac3037)
Target: x86_64-unknown-linux-gnu
Thread model: posix
InstalledDir: /opt/rocm-5.5.1/llvm/bin
Configuration file: /opt/rocm-5.5.1/llvm/bin/clang++.cfg
Found candidate GCC installation: /opt/cray/pe/gcc/10.3.0/snos/lib/gcc/x86_64-suse-linux/10.3.0
Selected GCC installation: /opt/cray/pe/gcc/10.3.0/snos/lib/gcc/x86_64-suse-linux/10.3.0
Candidate multilib: .;@m64
Selected multilib: .;@m64
Found HIP installation: /opt/rocm-5.5.1/llvm/bin/../.., version 5.5.30202
 (in-process)
 "/opt/rocm-5.5.1/llvm/bin/clang-16" -cc1 -triple x86_64-unknown-linux-gnu -aux-triple amdgcn-amd-amdhsa -emit-obj -mrelax-all --mrelax-relocations -disable-free -clear-ast-before-backend -disable-llvm-verifier -discard-value-names -main-file-name CMakeHIPCompilerABI.hip -mrelocation-model static -mframe-pointer=all -fmath-errno -fno-rounding-math -mconstructor-aliases -funwind-tables=2 -target-cpu x86-64 -tune-cpu generic -mllvm -treat-scalable-fixed-error-as-warning -debugger-tuning=gdb -v -fcoverage-compilation-dir=/lustre/orion/gen150/world-shared/abby-summer24/gunrock_hip_develop/gunrock-hip-develop/CMakeFiles/CMakeTmp -resource-dir /opt/rocm-5.5.1/llvm/lib/clang/16.0.0 -internal-isystem /opt/rocm-5.5.1/llvm/lib/clang/16.0.0/include/cuda_wrappers -idirafter /opt/rocm-5.5.1/llvm/bin/../../include -include __clang_hip_runtime_wrapper.h -isystem /opt/rocm-5.5.1/include -D __HIP_ROCclr__=1 -internal-isystem /opt/cray/pe/gcc/10.3.0/snos/lib/gcc/x86_64-suse-linux/10.3.0/../../../../include/g++ -internal-isystem /opt/cray/pe/gcc/10.3.0/snos/lib/gcc/x86_64-suse-linux/10.3.0/../../../../include/g++/x86_64-suse-linux -internal-isystem /opt/cray/pe/gcc/10.3.0/snos/lib/gcc/x86_64-suse-linux/10.3.0/../../../../include/g++/backward -internal-isystem /opt/cray/pe/gcc/10.3.0/snos/lib/gcc/x86_64-suse-linux/10.3.0/../../../../include/g++ -internal-isystem /opt/cray/pe/gcc/10.3.0/snos/lib/gcc/x86_64-suse-linux/10.3.0/../../../../include/g++/x86_64-suse-linux -internal-isystem /opt/cray/pe/gcc/10.3.0/snos/lib/gcc/x86_64-suse-linux/10.3.0/../../../../include/g++/backward -internal-isystem /opt/rocm-5.5.1/llvm/lib/clang/16.0.0/include -internal-isystem /usr/local/include -internal-isystem /opt/cray/pe/gcc/10.3.0/snos/lib/gcc/x86_64-suse-linux/10.3.0/../../../../x86_64-suse-linux/include -internal-externc-isystem /include -internal-externc-isystem /usr/include -internal-isystem /opt/rocm-5.5.1/llvm/lib/clang/16.0.0/include -internal-isystem /usr/local/include -internal-isystem /opt/cray/pe/gcc/10.3.0/snos/lib/gcc/x86_64-suse-linux/10.3.0/../../../../x86_64-suse-linux/include -internal-externc-isystem /include -internal-externc-isystem /usr/include -fdeprecated-macro -fdebug-compilation-dir=/lustre/orion/gen150/world-shared/abby-summer24/gunrock_hip_develop/gunrock-hip-develop/CMakeFiles/CMakeTmp -ferror-limit 19 -fhip-new-launch-api -fgnuc-version=4.2.1 -fcxx-exceptions -fexceptions -mllvm -amdgpu-early-inline-all=true -mllvm -amdgpu-function-calls=false -fcuda-allow-variadic-functions -faddrsig -D__GCC_HAVE_DWARF2_CFI_ASM=1 -o CMakeFiles/cmTC_0b227.dir/CMakeHIPCompilerABI.hip.o -x hip /autofs/nccs-svm1_sw/frontier/spack-envs/base/opt/linux-sles15-x86_64/gcc-7.5.0/cmake-3.23.2-4r4mpiba7cwdw2hlakh5i7tchi64s3qd/share/cmake-3.23/Modules/CMakeHIPCompilerABI.hip
clang -cc1 version 16.0.0 based upon LLVM 16.0.0git default target x86_64-unknown-linux-gnu
ignoring nonexistent directory "/opt/cray/pe/gcc/10.3.0/snos/lib/gcc/x86_64-suse-linux/10.3.0/../../../../x86_64-suse-linux/include"
ignoring nonexistent directory "/include"
ignoring nonexistent directory "/opt/cray/pe/gcc/10.3.0/snos/lib/gcc/x86_64-suse-linux/10.3.0/../../../../x86_64-suse-linux/include"
ignoring nonexistent directory "/include"
ignoring duplicate directory "/opt/cray/pe/gcc/10.3.0/snos/lib/gcc/x86_64-suse-linux/10.3.0/../../../../include/g++"
ignoring duplicate directory "/opt/cray/pe/gcc/10.3.0/snos/lib/gcc/x86_64-suse-linux/10.3.0/../../../../include/g++/x86_64-suse-linux"
ignoring duplicate directory "/opt/cray/pe/gcc/10.3.0/snos/lib/gcc/x86_64-suse-linux/10.3.0/../../../../include/g++/backward"
ignoring duplicate directory "/opt/rocm-5.5.1/llvm/lib/clang/16.0.0/include"
ignoring duplicate directory "/usr/local/include"
ignoring duplicate directory "/usr/include"
ignoring duplicate directory "/opt/rocm-5.5.1/llvm/bin/../../include"
#include "..." search starts here:
#include <...> search starts here:
 /opt/rocm-5.5.1/llvm/bin/../../include
 /opt/rocm-5.5.1/llvm/lib/clang/16.0.0/include/cuda_wrappers
 /opt/cray/pe/gcc/10.3.0/snos/lib/gcc/x86_64-suse-linux/10.3.0/../../../../include/g++
 /opt/cray/pe/gcc/10.3.0/snos/lib/gcc/x86_64-suse-linux/10.3.0/../../../../include/g++/x86_64-suse-linux
 /opt/cray/pe/gcc/10.3.0/snos/lib/gcc/x86_64-suse-linux/10.3.0/../../../../include/g++/backward
 /opt/rocm-5.5.1/llvm/lib/clang/16.0.0/include
 /usr/local/include
 /usr/include
End of search list.
Linking HIP executable cmTC_0b227
/autofs/nccs-svm1_sw/frontier/spack-envs/base/opt/linux-sles15-x86_64/gcc-7.5.0/cmake-3.23.2-4r4mpiba7cwdw2hlakh5i7tchi64s3qd/bin/cmake -E cmake_link_script CMakeFiles/cmTC_0b227.dir/link.txt --verbose=1
/opt/rocm-5.5.1/llvm/bin/clang++  --cuda-host-only  --offload-arch=gfx90a  -v --hip-link --rtlib=compiler-rt -unwindlib=libgcc CMakeFiles/cmTC_0b227.dir/CMakeHIPCompilerABI.hip.o -o cmTC_0b227  /opt/rocm-5.5.1/lib/libamdhip64.so.5.5.50501 
AMD clang version 16.0.0 (https://github.com/RadeonOpenCompute/llvm-project roc-5.5.1 23194 69ef12a7c3cc5b0ccf820bc007bd87e8b3ac3037)
Target: x86_64-unknown-linux-gnu
Thread model: posix
InstalledDir: /opt/rocm-5.5.1/llvm/bin
Configuration file: /opt/rocm-5.5.1/llvm/bin/clang++.cfg
Found candidate GCC installation: /opt/cray/pe/gcc/10.3.0/snos/lib/gcc/x86_64-suse-linux/10.3.0
Selected GCC installation: /opt/cray/pe/gcc/10.3.0/snos/lib/gcc/x86_64-suse-linux/10.3.0
Candidate multilib: .;@m64
Selected multilib: .;@m64
Found HIP installation: /opt/rocm-5.5.1/llvm/bin/../.., version 5.5.30202
 "/opt/rocm-5.5.1/llvm/bin/ld.lld" --hash-style=gnu --eh-frame-hdr -m elf_x86_64 -dynamic-linker /lib64/ld-linux-x86-64.so.2 -o cmTC_0b227 /usr/lib/../lib64/crt1.o /usr/lib/../lib64/crti.o /opt/rocm-5.5.1/llvm/lib/clang/16.0.0/lib/linux/clang_rt.crtbegin-x86_64.o -L/opt/cray/pe/gcc/10.3.0/snos/lib/gcc/x86_64-suse-linux/10.3.0 -L/opt/cray/pe/gcc/10.3.0/snos/lib/gcc/x86_64-suse-linux/10.3.0/../../../../lib64 -L/lib/../lib64 -L/usr/lib/../lib64 -L/lib -L/usr/lib CMakeFiles/cmTC_0b227.dir/CMakeHIPCompilerABI.hip.o /opt/rocm-5.5.1/lib/libamdhip64.so.5.5.50501 -L/opt/rocm-5.5.1/llvm/bin/../../lib -rpath /opt/rocm-5.5.1/llvm/bin/../../lib -lamdhip64 -lstdc++ -lm /opt/rocm-5.5.1/llvm/lib/clang/16.0.0/lib/linux/libclang_rt.builtins-x86_64.a -lgcc_s -lc /opt/rocm-5.5.1/llvm/lib/clang/16.0.0/lib/linux/libclang_rt.builtins-x86_64.a -lgcc_s /opt/rocm-5.5.1/llvm/lib/clang/16.0.0/lib/linux/clang_rt.crtend-x86_64.o /usr/lib/../lib64/crtn.o
gmake[1]: Leaving directory '/lustre/orion/gen150/world-shared/abby-summer24/gunrock_hip_develop/gunrock-hip-develop/CMakeFiles/CMakeTmp'



Parsed HIP implicit include dir info from above output: rv=done
  found start of include info
  found start of implicit include info
    add: [/opt/rocm-5.5.1/llvm/bin/../../include]
    add: [/opt/rocm-5.5.1/llvm/lib/clang/16.0.0/include/cuda_wrappers]
    add: [/opt/cray/pe/gcc/10.3.0/snos/lib/gcc/x86_64-suse-linux/10.3.0/../../../../include/g++]
    add: [/opt/cray/pe/gcc/10.3.0/snos/lib/gcc/x86_64-suse-linux/10.3.0/../../../../include/g++/x86_64-suse-linux]
    add: [/opt/cray/pe/gcc/10.3.0/snos/lib/gcc/x86_64-suse-linux/10.3.0/../../../../include/g++/backward]
    add: [/opt/rocm-5.5.1/llvm/lib/clang/16.0.0/include]
    add: [/usr/local/include]
    add: [/usr/include]
  end of search list found
  collapse include dir [/opt/rocm-5.5.1/llvm/bin/../../include] ==> [/opt/rocm-5.5.1/include]
  collapse include dir [/opt/rocm-5.5.1/llvm/lib/clang/16.0.0/include/cuda_wrappers] ==> [/opt/rocm-5.5.1/llvm/lib/clang/16.0.0/include/cuda_wrappers]
  collapse include dir [/opt/cray/pe/gcc/10.3.0/snos/lib/gcc/x86_64-suse-linux/10.3.0/../../../../include/g++] ==> [/opt/cray/pe/gcc/10.3.0/snos/include/g++]
  collapse include dir [/opt/cray/pe/gcc/10.3.0/snos/lib/gcc/x86_64-suse-linux/10.3.0/../../../../include/g++/x86_64-suse-linux] ==> [/opt/cray/pe/gcc/10.3.0/snos/include/g++/x86_64-suse-linux]
  collapse include dir [/opt/cray/pe/gcc/10.3.0/snos/lib/gcc/x86_64-suse-linux/10.3.0/../../../../include/g++/backward] ==> [/opt/cray/pe/gcc/10.3.0/snos/include/g++/backward]
  collapse include dir [/opt/rocm-5.5.1/llvm/lib/clang/16.0.0/include] ==> [/opt/rocm-5.5.1/llvm/lib/clang/16.0.0/include]
  collapse include dir [/usr/local/include] ==> [/usr/local/include]
  collapse include dir [/usr/include] ==> [/usr/include]
  implicit include dirs: [/opt/rocm-5.5.1/include;/opt/rocm-5.5.1/llvm/lib/clang/16.0.0/include/cuda_wrappers;/opt/cray/pe/gcc/10.3.0/snos/include/g++;/opt/cray/pe/gcc/10.3.0/snos/include/g++/x86_64-suse-linux;/opt/cray/pe/gcc/10.3.0/snos/include/g++/backward;/opt/rocm-5.5.1/llvm/lib/clang/16.0.0/include;/usr/local/include;/usr/include]


Parsed HIP implicit link information from above output:
  link line regex: [^( *|.*[/\])(ld|CMAKE_LINK_STARTFILE-NOTFOUND|([^/\]+-)?ld|collect2)[^/\]*( |$)]
  ignore line: [Change Dir: /lustre/orion/gen150/world-shared/abby-summer24/gunrock_hip_develop/gunrock-hip-develop/CMakeFiles/CMakeTmp]
  ignore line: []
  ignore line: [Run Build Command(s):/usr/bin/gmake -f Makefile cmTC_0b227/fast && /usr/bin/gmake  -f CMakeFiles/cmTC_0b227.dir/build.make CMakeFiles/cmTC_0b227.dir/build]
  ignore line: [gmake[1]: Entering directory '/lustre/orion/gen150/world-shared/abby-summer24/gunrock_hip_develop/gunrock-hip-develop/CMakeFiles/CMakeTmp']
  ignore line: [Building HIP object CMakeFiles/cmTC_0b227.dir/CMakeHIPCompilerABI.hip.o]
  ignore line: [/opt/rocm-5.5.1/llvm/bin/clang++ -D__HIP_ROCclr__=1 -isystem /opt/rocm-5.5.1/include --cuda-host-only  --offload-arch=gfx90a   -v -mllvm -amdgpu-early-inline-all=true -mllvm -amdgpu-function-calls=false -o CMakeFiles/cmTC_0b227.dir/CMakeHIPCompilerABI.hip.o -x hip -c /autofs/nccs-svm1_sw/frontier/spack-envs/base/opt/linux-sles15-x86_64/gcc-7.5.0/cmake-3.23.2-4r4mpiba7cwdw2hlakh5i7tchi64s3qd/share/cmake-3.23/Modules/CMakeHIPCompilerABI.hip]
  ignore line: [AMD clang version 16.0.0 (https://github.com/RadeonOpenCompute/llvm-project roc-5.5.1 23194 69ef12a7c3cc5b0ccf820bc007bd87e8b3ac3037)]
  ignore line: [Target: x86_64-unknown-linux-gnu]
  ignore line: [Thread model: posix]
  ignore line: [InstalledDir: /opt/rocm-5.5.1/llvm/bin]
  ignore line: [Configuration file: /opt/rocm-5.5.1/llvm/bin/clang++.cfg]
  ignore line: [Found candidate GCC installation: /opt/cray/pe/gcc/10.3.0/snos/lib/gcc/x86_64-suse-linux/10.3.0]
  ignore line: [Selected GCC installation: /opt/cray/pe/gcc/10.3.0/snos/lib/gcc/x86_64-suse-linux/10.3.0]
  ignore line: [Candidate multilib: .]
  ignore line: [@m64]
  ignore line: [Selected multilib: .]
  ignore line: [@m64]
  ignore line: [Found HIP installation: /opt/rocm-5.5.1/llvm/bin/../..  version 5.5.30202]
  ignore line: [ (in-process)]
  ignore line: [ "/opt/rocm-5.5.1/llvm/bin/clang-16" -cc1 -triple x86_64-unknown-linux-gnu -aux-triple amdgcn-amd-amdhsa -emit-obj -mrelax-all --mrelax-relocations -disable-free -clear-ast-before-backend -disable-llvm-verifier -discard-value-names -main-file-name CMakeHIPCompilerABI.hip -mrelocation-model static -mframe-pointer=all -fmath-errno -fno-rounding-math -mconstructor-aliases -funwind-tables=2 -target-cpu x86-64 -tune-cpu generic -mllvm -treat-scalable-fixed-error-as-warning -debugger-tuning=gdb -v -fcoverage-compilation-dir=/lustre/orion/gen150/world-shared/abby-summer24/gunrock_hip_develop/gunrock-hip-develop/CMakeFiles/CMakeTmp -resource-dir /opt/rocm-5.5.1/llvm/lib/clang/16.0.0 -internal-isystem /opt/rocm-5.5.1/llvm/lib/clang/16.0.0/include/cuda_wrappers -idirafter /opt/rocm-5.5.1/llvm/bin/../../include -include __clang_hip_runtime_wrapper.h -isystem /opt/rocm-5.5.1/include -D __HIP_ROCclr__=1 -internal-isystem /opt/cray/pe/gcc/10.3.0/snos/lib/gcc/x86_64-suse-linux/10.3.0/../../../../include/g++ -internal-isystem /opt/cray/pe/gcc/10.3.0/snos/lib/gcc/x86_64-suse-linux/10.3.0/../../../../include/g++/x86_64-suse-linux -internal-isystem /opt/cray/pe/gcc/10.3.0/snos/lib/gcc/x86_64-suse-linux/10.3.0/../../../../include/g++/backward -internal-isystem /opt/cray/pe/gcc/10.3.0/snos/lib/gcc/x86_64-suse-linux/10.3.0/../../../../include/g++ -internal-isystem /opt/cray/pe/gcc/10.3.0/snos/lib/gcc/x86_64-suse-linux/10.3.0/../../../../include/g++/x86_64-suse-linux -internal-isystem /opt/cray/pe/gcc/10.3.0/snos/lib/gcc/x86_64-suse-linux/10.3.0/../../../../include/g++/backward -internal-isystem /opt/rocm-5.5.1/llvm/lib/clang/16.0.0/include -internal-isystem /usr/local/include -internal-isystem /opt/cray/pe/gcc/10.3.0/snos/lib/gcc/x86_64-suse-linux/10.3.0/../../../../x86_64-suse-linux/include -internal-externc-isystem /include -internal-externc-isystem /usr/include -internal-isystem /opt/rocm-5.5.1/llvm/lib/clang/16.0.0/include -internal-isystem /usr/local/include -internal-isystem /opt/cray/pe/gcc/10.3.0/snos/lib/gcc/x86_64-suse-linux/10.3.0/../../../../x86_64-suse-linux/include -internal-externc-isystem /include -internal-externc-isystem /usr/include -fdeprecated-macro -fdebug-compilation-dir=/lustre/orion/gen150/world-shared/abby-summer24/gunrock_hip_develop/gunrock-hip-develop/CMakeFiles/CMakeTmp -ferror-limit 19 -fhip-new-launch-api -fgnuc-version=4.2.1 -fcxx-exceptions -fexceptions -mllvm -amdgpu-early-inline-all=true -mllvm -amdgpu-function-calls=false -fcuda-allow-variadic-functions -faddrsig -D__GCC_HAVE_DWARF2_CFI_ASM=1 -o CMakeFiles/cmTC_0b227.dir/CMakeHIPCompilerABI.hip.o -x hip /autofs/nccs-svm1_sw/frontier/spack-envs/base/opt/linux-sles15-x86_64/gcc-7.5.0/cmake-3.23.2-4r4mpiba7cwdw2hlakh5i7tchi64s3qd/share/cmake-3.23/Modules/CMakeHIPCompilerABI.hip]
  ignore line: [clang -cc1 version 16.0.0 based upon LLVM 16.0.0git default target x86_64-unknown-linux-gnu]
  ignore line: [ignoring nonexistent directory "/opt/cray/pe/gcc/10.3.0/snos/lib/gcc/x86_64-suse-linux/10.3.0/../../../../x86_64-suse-linux/include"]
  ignore line: [ignoring nonexistent directory "/include"]
  ignore line: [ignoring nonexistent directory "/opt/cray/pe/gcc/10.3.0/snos/lib/gcc/x86_64-suse-linux/10.3.0/../../../../x86_64-suse-linux/include"]
  ignore line: [ignoring nonexistent directory "/include"]
  ignore line: [ignoring duplicate directory "/opt/cray/pe/gcc/10.3.0/snos/lib/gcc/x86_64-suse-linux/10.3.0/../../../../include/g++"]
  ignore line: [ignoring duplicate directory "/opt/cray/pe/gcc/10.3.0/snos/lib/gcc/x86_64-suse-linux/10.3.0/../../../../include/g++/x86_64-suse-linux"]
  ignore line: [ignoring duplicate directory "/opt/cray/pe/gcc/10.3.0/snos/lib/gcc/x86_64-suse-linux/10.3.0/../../../../include/g++/backward"]
  ignore line: [ignoring duplicate directory "/opt/rocm-5.5.1/llvm/lib/clang/16.0.0/include"]
  ignore line: [ignoring duplicate directory "/usr/local/include"]
  ignore line: [ignoring duplicate directory "/usr/include"]
  ignore line: [ignoring duplicate directory "/opt/rocm-5.5.1/llvm/bin/../../include"]
  ignore line: [#include "..." search starts here:]
  ignore line: [#include <...> search starts here:]
  ignore line: [ /opt/rocm-5.5.1/llvm/bin/../../include]
  ignore line: [ /opt/rocm-5.5.1/llvm/lib/clang/16.0.0/include/cuda_wrappers]
  ignore line: [ /opt/cray/pe/gcc/10.3.0/snos/lib/gcc/x86_64-suse-linux/10.3.0/../../../../include/g++]
  ignore line: [ /opt/cray/pe/gcc/10.3.0/snos/lib/gcc/x86_64-suse-linux/10.3.0/../../../../include/g++/x86_64-suse-linux]
  ignore line: [ /opt/cray/pe/gcc/10.3.0/snos/lib/gcc/x86_64-suse-linux/10.3.0/../../../../include/g++/backward]
  ignore line: [ /opt/rocm-5.5.1/llvm/lib/clang/16.0.0/include]
  ignore line: [ /usr/local/include]
  ignore line: [ /usr/include]
  ignore line: [End of search list.]
  ignore line: [Linking HIP executable cmTC_0b227]
  ignore line: [/autofs/nccs-svm1_sw/frontier/spack-envs/base/opt/linux-sles15-x86_64/gcc-7.5.0/cmake-3.23.2-4r4mpiba7cwdw2hlakh5i7tchi64s3qd/bin/cmake -E cmake_link_script CMakeFiles/cmTC_0b227.dir/link.txt --verbose=1]
  ignore line: [/opt/rocm-5.5.1/llvm/bin/clang++  --cuda-host-only  --offload-arch=gfx90a  -v --hip-link --rtlib=compiler-rt -unwindlib=libgcc CMakeFiles/cmTC_0b227.dir/CMakeHIPCompilerABI.hip.o -o cmTC_0b227  /opt/rocm-5.5.1/lib/libamdhip64.so.5.5.50501 ]
  ignore line: [AMD clang version 16.0.0 (https://github.com/RadeonOpenCompute/llvm-project roc-5.5.1 23194 69ef12a7c3cc5b0ccf820bc007bd87e8b3ac3037)]
  ignore line: [Target: x86_64-unknown-linux-gnu]
  ignore line: [Thread model: posix]
  ignore line: [InstalledDir: /opt/rocm-5.5.1/llvm/bin]
  ignore line: [Configuration file: /opt/rocm-5.5.1/llvm/bin/clang++.cfg]
  ignore line: [Found candidate GCC installation: /opt/cray/pe/gcc/10.3.0/snos/lib/gcc/x86_64-suse-linux/10.3.0]
  ignore line: [Selected GCC installation: /opt/cray/pe/gcc/10.3.0/snos/lib/gcc/x86_64-suse-linux/10.3.0]
  ignore line: [Candidate multilib: .]
  ignore line: [@m64]
  ignore line: [Selected multilib: .]
  ignore line: [@m64]
  ignore line: [Found HIP installation: /opt/rocm-5.5.1/llvm/bin/../..  version 5.5.30202]
  link line: [ "/opt/rocm-5.5.1/llvm/bin/ld.lld" --hash-style=gnu --eh-frame-hdr -m elf_x86_64 -dynamic-linker /lib64/ld-linux-x86-64.so.2 -o cmTC_0b227 /usr/lib/../lib64/crt1.o /usr/lib/../lib64/crti.o /opt/rocm-5.5.1/llvm/lib/clang/16.0.0/lib/linux/clang_rt.crtbegin-x86_64.o -L/opt/cray/pe/gcc/10.3.0/snos/lib/gcc/x86_64-suse-linux/10.3.0 -L/opt/cray/pe/gcc/10.3.0/snos/lib/gcc/x86_64-suse-linux/10.3.0/../../../../lib64 -L/lib/../lib64 -L/usr/lib/../lib64 -L/lib -L/usr/lib CMakeFiles/cmTC_0b227.dir/CMakeHIPCompilerABI.hip.o /opt/rocm-5.5.1/lib/libamdhip64.so.5.5.50501 -L/opt/rocm-5.5.1/llvm/bin/../../lib -rpath /opt/rocm-5.5.1/llvm/bin/../../lib -lamdhip64 -lstdc++ -lm /opt/rocm-5.5.1/llvm/lib/clang/16.0.0/lib/linux/libclang_rt.builtins-x86_64.a -lgcc_s -lc /opt/rocm-5.5.1/llvm/lib/clang/16.0.0/lib/linux/libclang_rt.builtins-x86_64.a -lgcc_s /opt/rocm-5.5.1/llvm/lib/clang/16.0.0/lib/linux/clang_rt.crtend-x86_64.o /usr/lib/../lib64/crtn.o]
    arg [/opt/rocm-5.5.1/llvm/bin/ld.lld] ==> ignore
    arg [--hash-style=gnu] ==> ignore
    arg [--eh-frame-hdr] ==> ignore
    arg [-m] ==> ignore
    arg [elf_x86_64] ==> ignore
    arg [-dynamic-linker] ==> ignore
    arg [/lib64/ld-linux-x86-64.so.2] ==> ignore
    arg [-o] ==> ignore
    arg [cmTC_0b227] ==> ignore
    arg [/usr/lib/../lib64/crt1.o] ==> obj [/usr/lib/../lib64/crt1.o]
    arg [/usr/lib/../lib64/crti.o] ==> obj [/usr/lib/../lib64/crti.o]
    arg [/opt/rocm-5.5.1/llvm/lib/clang/16.0.0/lib/linux/clang_rt.crtbegin-x86_64.o] ==> obj [/opt/rocm-5.5.1/llvm/lib/clang/16.0.0/lib/linux/clang_rt.crtbegin-x86_64.o]
    arg [-L/opt/cray/pe/gcc/10.3.0/snos/lib/gcc/x86_64-suse-linux/10.3.0] ==> dir [/opt/cray/pe/gcc/10.3.0/snos/lib/gcc/x86_64-suse-linux/10.3.0]
    arg [-L/opt/cray/pe/gcc/10.3.0/snos/lib/gcc/x86_64-suse-linux/10.3.0/../../../../lib64] ==> dir [/opt/cray/pe/gcc/10.3.0/snos/lib/gcc/x86_64-suse-linux/10.3.0/../../../../lib64]
    arg [-L/lib/../lib64] ==> dir [/lib/../lib64]
    arg [-L/usr/lib/../lib64] ==> dir [/usr/lib/../lib64]
    arg [-L/lib] ==> dir [/lib]
    arg [-L/usr/lib] ==> dir [/usr/lib]
    arg [CMakeFiles/cmTC_0b227.dir/CMakeHIPCompilerABI.hip.o] ==> ignore
    arg [/opt/rocm-5.5.1/lib/libamdhip64.so.5.5.50501] ==> ignore
    arg [-L/opt/rocm-5.5.1/llvm/bin/../../lib] ==> dir [/opt/rocm-5.5.1/llvm/bin/../../lib]
    arg [-rpath] ==> ignore
    arg [/opt/rocm-5.5.1/llvm/bin/../../lib] ==> ignore
    arg [-lamdhip64] ==> lib [amdhip64]
    arg [-lstdc++] ==> lib [stdc++]
    arg [-lm] ==> lib [m]
    arg [/opt/rocm-5.5.1/llvm/lib/clang/16.0.0/lib/linux/libclang_rt.builtins-x86_64.a] ==> lib [/opt/rocm-5.5.1/llvm/lib/clang/16.0.0/lib/linux/libclang_rt.builtins-x86_64.a]
    arg [-lgcc_s] ==> lib [gcc_s]
    arg [-lc] ==> lib [c]
    arg [/opt/rocm-5.5.1/llvm/lib/clang/16.0.0/lib/linux/libclang_rt.builtins-x86_64.a] ==> lib [/opt/rocm-5.5.1/llvm/lib/clang/16.0.0/lib/linux/libclang_rt.builtins-x86_64.a]
    arg [-lgcc_s] ==> lib [gcc_s]
    arg [/opt/rocm-5.5.1/llvm/lib/clang/16.0.0/lib/linux/clang_rt.crtend-x86_64.o] ==> obj [/opt/rocm-5.5.1/llvm/lib/clang/16.0.0/lib/linux/clang_rt.crtend-x86_64.o]
    arg [/usr/lib/../lib64/crtn.o] ==> obj [/usr/lib/../lib64/crtn.o]
  remove lib [/opt/rocm-5.5.1/llvm/lib/clang/16.0.0/lib/linux/libclang_rt.builtins-x86_64.a]
  remove lib [/opt/rocm-5.5.1/llvm/lib/clang/16.0.0/lib/linux/libclang_rt.builtins-x86_64.a]
  collapse obj [/usr/lib/../lib64/crt1.o] ==> [/usr/lib64/crt1.o]
  collapse obj [/usr/lib/../lib64/crti.o] ==> [/usr/lib64/crti.o]
  collapse obj [/usr/lib/../lib64/crtn.o] ==> [/usr/lib64/crtn.o]
  collapse library dir [/opt/cray/pe/gcc/10.3.0/snos/lib/gcc/x86_64-suse-linux/10.3.0] ==> [/opt/cray/pe/gcc/10.3.0/snos/lib/gcc/x86_64-suse-linux/10.3.0]
  collapse library dir [/opt/cray/pe/gcc/10.3.0/snos/lib/gcc/x86_64-suse-linux/10.3.0/../../../../lib64] ==> [/opt/cray/pe/gcc/10.3.0/snos/lib64]
  collapse library dir [/lib/../lib64] ==> [/lib64]
  collapse library dir [/usr/lib/../lib64] ==> [/usr/lib64]
  collapse library dir [/lib] ==> [/lib]
  collapse library dir [/usr/lib] ==> [/usr/lib]
  collapse library dir [/opt/rocm-5.5.1/llvm/bin/../../lib] ==> [/opt/rocm-5.5.1/lib]
  implicit libs: [amdhip64;stdc++;m;gcc_s;c;gcc_s]
  implicit objs: [/usr/lib64/crt1.o;/usr/lib64/crti.o;/opt/rocm-5.5.1/llvm/lib/clang/16.0.0/lib/linux/clang_rt.crtbegin-x86_64.o;/opt/rocm-5.5.1/llvm/lib/clang/16.0.0/lib/linux/clang_rt.crtend-x86_64.o;/usr/lib64/crtn.o]
  implicit dirs: [/opt/cray/pe/gcc/10.3.0/snos/lib/gcc/x86_64-suse-linux/10.3.0;/opt/cray/pe/gcc/10.3.0/snos/lib64;/lib64;/usr/lib64;/lib;/usr/lib;/opt/rocm-5.5.1/lib]
  implicit fwks: []


Determining if the include file pthread.h exists passed with the following output:
Change Dir: /lustre/orion/gen150/world-shared/abby-summer24/gunrock_hip_develop/gunrock-hip-develop/CMakeFiles/CMakeTmp

Run Build Command(s):/usr/bin/gmake -f Makefile cmTC_6fc87/fast && /usr/bin/gmake  -f CMakeFiles/cmTC_6fc87.dir/build.make CMakeFiles/cmTC_6fc87.dir/build
gmake[1]: Entering directory '/lustre/orion/gen150/world-shared/abby-summer24/gunrock_hip_develop/gunrock-hip-develop/CMakeFiles/CMakeTmp'
Building C object CMakeFiles/cmTC_6fc87.dir/CheckIncludeFile.c.o
/opt/cray/pe/gcc/12.2.0/snos/bin/gcc    -o CMakeFiles/cmTC_6fc87.dir/CheckIncludeFile.c.o -c /lustre/orion/gen150/world-shared/abby-summer24/gunrock_hip_develop/gunrock-hip-develop/CMakeFiles/CMakeTmp/CheckIncludeFile.c
Linking C executable cmTC_6fc87
/autofs/nccs-svm1_sw/frontier/spack-envs/base/opt/linux-sles15-x86_64/gcc-7.5.0/cmake-3.23.2-4r4mpiba7cwdw2hlakh5i7tchi64s3qd/bin/cmake -E cmake_link_script CMakeFiles/cmTC_6fc87.dir/link.txt --verbose=1
/opt/cray/pe/gcc/12.2.0/snos/bin/gcc -rdynamic CMakeFiles/cmTC_6fc87.dir/CheckIncludeFile.c.o -o cmTC_6fc87 
gmake[1]: Leaving directory '/lustre/orion/gen150/world-shared/abby-summer24/gunrock_hip_develop/gunrock-hip-develop/CMakeFiles/CMakeTmp'



Determining if the function pthread_create exists in the pthread passed with the following output:
Change Dir: /lustre/orion/gen150/world-shared/abby-summer24/gunrock_hip_develop/gunrock-hip-develop/CMakeFiles/CMakeTmp

Run Build Command(s):/usr/bin/gmake -f Makefile cmTC_7be49/fast && /usr/bin/gmake  -f CMakeFiles/cmTC_7be49.dir/build.make CMakeFiles/cmTC_7be49.dir/build
gmake[1]: Entering directory '/lustre/orion/gen150/world-shared/abby-summer24/gunrock_hip_develop/gunrock-hip-develop/CMakeFiles/CMakeTmp'
Building C object CMakeFiles/cmTC_7be49.dir/CheckFunctionExists.c.o
/opt/cray/pe/gcc/12.2.0/snos/bin/gcc   -DCHECK_FUNCTION_EXISTS=pthread_create -o CMakeFiles/cmTC_7be49.dir/CheckFunctionExists.c.o -c /autofs/nccs-svm1_sw/frontier/spack-envs/base/opt/linux-sles15-x86_64/gcc-7.5.0/cmake-3.23.2-4r4mpiba7cwdw2hlakh5i7tchi64s3qd/share/cmake-3.23/Modules/CheckFunctionExists.c
Linking C executable cmTC_7be49
/autofs/nccs-svm1_sw/frontier/spack-envs/base/opt/linux-sles15-x86_64/gcc-7.5.0/cmake-3.23.2-4r4mpiba7cwdw2hlakh5i7tchi64s3qd/bin/cmake -E cmake_link_script CMakeFiles/cmTC_7be49.dir/link.txt --verbose=1
/opt/cray/pe/gcc/12.2.0/snos/bin/gcc  -DCHECK_FUNCTION_EXISTS=pthread_create -rdynamic CMakeFiles/cmTC_7be49.dir/CheckFunctionExists.c.o -o cmTC_7be49  -lpthread 
gmake[1]: Leaving directory '/lustre/orion/gen150/world-shared/abby-summer24/gunrock_hip_develop/gunrock-hip-develop/CMakeFiles/CMakeTmp'



